#
# There is insufficient memory for the Java Runtime Environment to continue.
# Native memory allocation (mmap) failed to map 136314880 bytes for committing reserved memory.
# Possible reasons:
#   The system is out of physical RAM or swap space
#   In 32 bit mode, the process size limit was hit
# Possible solutions:
#   Reduce memory load on the system
#   Increase physical memory or swap space
#   Check if swap backing store is full
#   Use 64 bit Java on a 64 bit OS
#   Decrease Java heap size (-Xmx/-Xms)
#   Decrease number of Java threads
#   Decrease Java thread stack sizes (-Xss)
#   Set larger code cache with -XX:ReservedCodeCacheSize=
# This output file may be truncated or incomplete.
#
#  Out of Memory Error (os_linux.cpp:2630), pid=13647, tid=0x00007f3c0728f700
#
# JRE version: OpenJDK Runtime Environment (8.0_111-b14) (build 1.8.0_111-8u111-b14-2ubuntu0.16.10.2-b14)
# Java VM: OpenJDK 64-Bit Server VM (25.111-b14 mixed mode linux-amd64 compressed oops)
# Failed to write core dump. Core dumps have been disabled. To enable core dumping, try "ulimit -c unlimited" before starting Java again
#

---------------  T H R E A D  ---------------

Current thread (0x00007f3c2c077800):  VMThread [stack: 0x00007f3c0718f000,0x00007f3c07290000] [id=13655]

Stack: [0x00007f3c0718f000,0x00007f3c07290000],  sp=0x00007f3c0728e480,  free space=1021k
Native frames: (J=compiled Java code, j=interpreted, Vv=VM code, C=native code)
V  [libjvm.so+0xa6a620]  VMError::report_and_die()+0x160
V  [libjvm.so+0x4c4e2c]  report_vm_out_of_memory(char const*, int, unsigned long, VMErrorType, char const*)+0xac
V  [libjvm.so+0x8b9c00]  os::pd_commit_memory(char*, unsigned long, unsigned long, bool)+0xf0
V  [libjvm.so+0x8b428e]  os::commit_memory(char*, unsigned long, unsigned long, bool)+0x2e
V  [libjvm.so+0x92eade]  PSVirtualSpace::expand_by(unsigned long)+0x4e
V  [libjvm.so+0x91e0ea]  PSOldGen::expand_by(unsigned long) [clone .part.28]+0x2a
V  [libjvm.so+0x91e2cb]  PSOldGen::expand(unsigned long) [clone .part.29]+0xbb
V  [libjvm.so+0x91ec75]  PSOldGen::resize(unsigned long)+0xf5
V  [libjvm.so+0x924e5e]  PSParallelCompact::invoke_no_policy(bool) [clone .part.119]+0xa5e
V  [libjvm.so+0x92c90d]  PSScavenge::invoke()+0x1fd
V  [libjvm.so+0x8de0e3]  ParallelScavengeHeap::failed_mem_allocate(unsigned long)+0x63
V  [libjvm.so+0xa6c292]  VM_ParallelGCFailedAllocation::doit()+0x92
V  [libjvm.so+0xa713f7]  VM_Operation::evaluate()+0x47
V  [libjvm.so+0xa6eb87]  VMThread::evaluate_operation(VM_Operation*) [clone .constprop.30]+0xe7
V  [libjvm.so+0xa70006]  VMThread::loop()+0x246
V  [libjvm.so+0xa70501]  VMThread::run()+0x81
V  [libjvm.so+0x8b7192]  java_start(Thread*)+0xf2

VM_Operation (0x00007f3bbcdb2f40): ParallelGCFailedAllocation, mode: safepoint, requested by thread 0x00007f3bd40a3800


---------------  P R O C E S S  ---------------

Java Threads: ( => current thread )
  0x00007f3bb402c800 JavaThread "pool-98-thread-4" [_thread_blocked, id=17981, stack(0x00007f3b95464000,0x00007f3b95565000)]
  0x00007f3bb4005000 JavaThread "pool-98-thread-3" [_thread_blocked, id=17980, stack(0x00007f3c0464a000,0x00007f3c0474b000)]
  0x00007f3bb4007000 JavaThread "pool-98-thread-2" [_thread_blocked, id=17979, stack(0x00007f3bbd0b8000,0x00007f3bbd1b9000)]
  0x00007f3bb4023800 JavaThread "pool-99-thread-1" [_thread_blocked, id=17978, stack(0x00007f3b973bb000,0x00007f3b974bc000)]
  0x00007f3bb402a800 JavaThread "pool-98-thread-1" [_thread_blocked, id=17977, stack(0x00007f3bbc3c8000,0x00007f3bbc4c9000)]
  0x00007f3bc0107000 JavaThread "pool-94-thread-4" [_thread_blocked, id=17963, stack(0x00007f3b96805000,0x00007f3b96906000)]
  0x00007f3bc0106800 JavaThread "pool-94-thread-3" [_thread_blocked, id=17962, stack(0x00007f3b978f9000,0x00007f3b979fa000)]
  0x00007f3bc00d2800 JavaThread "pool-94-thread-2" [_thread_blocked, id=17961, stack(0x00007f3b976f7000,0x00007f3b977f8000)]
  0x00007f3bc002f000 JavaThread "pool-95-thread-1" [_thread_blocked, id=17960, stack(0x00007f3b96f7e000,0x00007f3b9707f000)]
  0x00007f3bc011a800 JavaThread "pool-94-thread-1" [_thread_blocked, id=17959, stack(0x00007f3b96a40000,0x00007f3b96b41000)]
  0x00007f3bd40a4800 JavaThread "pool-82-thread-4" [_thread_blocked, id=17920, stack(0x00007f3bbceb6000,0x00007f3bbcfb7000)]
  0x00007f3bd40a3800 JavaThread "pool-82-thread-3" [_thread_blocked, id=17919, stack(0x00007f3bbccb4000,0x00007f3bbcdb5000)]
  0x00007f3bd40b8000 JavaThread "pool-82-thread-2" [_thread_blocked, id=17918, stack(0x00007f3bbc2c7000,0x00007f3bbc3c8000)]
  0x00007f3bd40ba000 JavaThread "pool-83-thread-1" [_thread_blocked, id=17917, stack(0x00007f3b9569f000,0x00007f3b957a0000)]
  0x00007f3bd40bc800 JavaThread "pool-82-thread-1" [_thread_blocked, id=17916, stack(0x00007f3bbc0c5000,0x00007f3bbc1c6000)]
  0x00007f3bc4005000 JavaThread "pool-9-thread-2" [_thread_blocked, id=17712, stack(0x00007f3bbc4c9000,0x00007f3bbc5ca000)]
  0x00007f3bd4018000 JavaThread "pool-9-thread-3" [_thread_blocked, id=17711, stack(0x00007f3b95262000,0x00007f3b95363000)]
  0x00007f3bb0009800 JavaThread "pool-9-thread-4" [_thread_blocked, id=17710, stack(0x00007f3bbd2ba000,0x00007f3bbd3bb000)]
  0x00007f3ba400e000 JavaThread "pool-9-thread-1" [_thread_blocked, id=17709, stack(0x00007f3bbc7cc000,0x00007f3bbc8cd000)]
  0x00007f3bac01c800 JavaThread "pool-7-thread-4" [_thread_blocked, id=17708, stack(0x00007f3bbcbb3000,0x00007f3bbccb4000)]
  0x00007f3bac01b800 JavaThread "pool-7-thread-3" [_thread_blocked, id=17707, stack(0x00007f3bbd4bc000,0x00007f3bbd5bd000)]
  0x00007f3bac01a800 JavaThread "pool-7-thread-2" [_thread_blocked, id=17706, stack(0x00007f3bbd3bb000,0x00007f3bbd4bc000)]
  0x00007f3bac024000 JavaThread "pool-7-thread-1" [_thread_blocked, id=17693, stack(0x00007f3bbd1b9000,0x00007f3bbd2ba000)]
  0x00007f3bac00d000 JavaThread "Asynchronous log dispatcher for org.gradle.launcher.daemon.server.DefaultDaemonConnection@6e7f609e" [_thread_blocked, id=17688, stack(0x00007f3c0474b000,0x00007f3c0484c000)]
  0x00007f3bd0013800 JavaThread "Daemon worker Thread 2" [_thread_blocked, id=17687, stack(0x00007f3c0494d000,0x00007f3c04a4e000)]
  0x00007f3bd000d000 JavaThread "Cancel handler" [_thread_blocked, id=17686, stack(0x00007f3c04a4e000,0x00007f3c04b4f000)]
  0x00007f3bd0007800 JavaThread "Handler for socket connection from /127.0.0.1:41221 to /127.0.0.1:44476" [_thread_in_native, id=17685, stack(0x00007f3c0484c000,0x00007f3c0494d000)]
  0x00007f3bd8015800 JavaThread "Daemon Thread 2" [_thread_blocked, id=17684, stack(0x00007f3c04b4f000,0x00007f3c04c50000)]
  0x00007f3bcc3a4000 JavaThread "File lock request listener" [_thread_in_native, id=13846, stack(0x00007f3c040d0000,0x00007f3c041d1000)]
  0x00007f3c2cbba000 JavaThread "pool-1-thread-1" [_thread_blocked, id=13742, stack(0x00007f3c04c50000,0x00007f3c04d51000)]
  0x00007f3c2cb52800 JavaThread "Incoming local TCP Connector on port 41221" [_thread_in_native, id=13739, stack(0x00007f3c04f58000,0x00007f3c05059000)]
  0x00007f3c2c0d2000 JavaThread "Service Thread" daemon [_thread_blocked, id=13662, stack(0x00007f3c060c7000,0x00007f3c061c8000)]
  0x00007f3c2c0b2800 JavaThread "C1 CompilerThread2" daemon [_thread_blocked, id=13661, stack(0x00007f3c061c8000,0x00007f3c062c9000)]
  0x00007f3c2c0b0800 JavaThread "C2 CompilerThread1" daemon [_thread_blocked, id=13660, stack(0x00007f3c062c9000,0x00007f3c063ca000)]
  0x00007f3c2c0ae000 JavaThread "C2 CompilerThread0" daemon [_thread_blocked, id=13659, stack(0x00007f3c063ca000,0x00007f3c064cb000)]
  0x00007f3c2c0ab800 JavaThread "Signal Dispatcher" daemon [_thread_blocked, id=13658, stack(0x00007f3c064cb000,0x00007f3c065cc000)]
  0x00007f3c2c083800 JavaThread "Finalizer" daemon [_thread_blocked, id=13657, stack(0x00007f3c06f8d000,0x00007f3c0708e000)]
  0x00007f3c2c07f000 JavaThread "Reference Handler" daemon [_thread_blocked, id=13656, stack(0x00007f3c0708e000,0x00007f3c0718f000)]
  0x00007f3c2c00a000 JavaThread "main" [_thread_blocked, id=13650, stack(0x00007f3c33212000,0x00007f3c33313000)]

Other Threads:
=>0x00007f3c2c077800 VMThread [stack: 0x00007f3c0718f000,0x00007f3c07290000] [id=13655]
  0x00007f3c2c0d4800 WatcherThread [stack: 0x00007f3c05fc6000,0x00007f3c060c7000] [id=13663]

VM state:at safepoint (normal execution)

VM Mutex/Monitor currently owned by a thread:  ([mutex/lock_event])
[0x00007f3c2c005e30] ExpandHeap_lock - owner thread: 0x00007f3c2c077800
[0x00007f3c2c0064b0] Threads_lock - owner thread: 0x00007f3c2c077800
[0x00007f3c2c0069b0] Heap_lock - owner thread: 0x00007f3bd40a3800

Heap:
 PSYoungGen      total 384512K, used 0K [0x00000000e0000000, 0x0000000100000000, 0x0000000100000000)
  eden space 240640K, 0% used [0x00000000e0000000,0x00000000e0000000,0x00000000eeb00000)
  from space 143872K, 0% used [0x00000000f7380000,0x00000000f7380000,0x0000000100000000)
  to   space 139776K, 0% used [0x00000000eeb00000,0x00000000eeb00000,0x00000000f7380000)
 ParOldGen       total 451584K, used 376332K [0x00000000a0000000, 0x00000000bb900000, 0x00000000e0000000)
  object space 451584K, 83% used [0x00000000a0000000,0x00000000b6f83018,0x00000000bb900000)
 Metaspace       used 71858K, capacity 74376K, committed 74624K, reserved 1114112K
  class space    used 8996K, capacity 9553K, committed 9600K, reserved 1048576K

Card table byte_map: [0x00007f3c1c524000,0x00007f3c1c825000] byte_map_base: 0x00007f3c1c024000

Marking Bits: (ParMarkBitMap*) 0x00007f3c324ec220
 Begin Bits: [0x00007f3c18f20000, 0x00007f3c1a720000)
 End Bits:   [0x00007f3c1a720000, 0x00007f3c1bf20000)

Polling page: 0x00007f3c3333b000

CodeCache: size=245760Kb used=50621Kb max_used=50622Kb free=195138Kb
 bounds [0x00007f3c1cbe5000, 0x00007f3c1fdd5000, 0x00007f3c2bbe5000]
 total_blobs=14816 nmethods=14051 adapters=677
 compilation: enabled

Compilation events (10 events):
Event: 1018,663 Thread 0x00007f3c2c0b2800 19620       2       java.lang.Thread::<init> (50 bytes)
Event: 1018,664 Thread 0x00007f3c2c0b2800 nmethod 19620 0x00007f3c1f5179d0 code [0x00007f3c1f517b40, 0x00007f3c1f517d68]
Event: 1018,688 Thread 0x00007f3c2c0b2800 19621       2       com.android.dx.cf.code.BytecodeArray$ConstantParserVisitor::clear (6 bytes)
Event: 1018,689 Thread 0x00007f3c2c0b2800 nmethod 19621 0x00007f3c1e7c2cd0 code [0x00007f3c1e7c2e20, 0x00007f3c1e7c2f70]
Event: 1018,946 Thread 0x00007f3c2c0b2800 19622 %     3       com.android.dx.ssa.SsaMethod::removeFromUseList @ 13 (57 bytes)
Event: 1018,947 Thread 0x00007f3c2c0b2800 nmethod 19622% 0x00007f3c1f372610 code [0x00007f3c1f3727e0, 0x00007f3c1f3730a8]
Event: 1018,950 Thread 0x00007f3c2c0b2800 19623       3       com.android.dx.ssa.SsaMethod::removeFromUseList (57 bytes)
Event: 1018,951 Thread 0x00007f3c2c0b2800 nmethod 19623 0x00007f3c1f899a50 code [0x00007f3c1f899c20, 0x00007f3c1f89a468]
Event: 1019,280 Thread 0x00007f3c2c0b2800 19628 %     3       com.android.dx.cf.code.ExecutionStack::makeInitialized @ 19 (51 bytes)
Event: 1019,282 Thread 0x00007f3c2c0b2800 nmethod 19628% 0x00007f3c1f185150 code [0x00007f3c1f185300, 0x00007f3c1f185a18]

GC Heap History (10 events):
Event: 1014,275 GC heap after
Heap after GC invocations=53 (full 8):
 PSYoungGen      total 395776K, used 94271K [0x00000000e0000000, 0x0000000100000000, 0x0000000100000000)
  eden space 301056K, 0% used [0x00000000e0000000,0x00000000e0000000,0x00000000f2600000)
  from space 94720K, 99% used [0x00000000f2600000,0x00000000f820fd78,0x00000000f8280000)
  to   space 121344K, 0% used [0x00000000f8980000,0x00000000f8980000,0x0000000100000000)
 ParOldGen       total 384512K, used 384503K [0x00000000a0000000, 0x00000000b7780000, 0x00000000e0000000)
  object space 384512K, 99% used [0x00000000a0000000,0x00000000b777deb0,0x00000000b7780000)
 Metaspace       used 71854K, capacity 74312K, committed 74624K, reserved 1114112K
  class space    used 8996K, capacity 9553K, committed 9600K, reserved 1048576K
}
Event: 1014,275 GC heap before
{Heap before GC invocations=54 (full 9):
 PSYoungGen      total 395776K, used 94271K [0x00000000e0000000, 0x0000000100000000, 0x0000000100000000)
  eden space 301056K, 0% used [0x00000000e0000000,0x00000000e0000000,0x00000000f2600000)
  from space 94720K, 99% used [0x00000000f2600000,0x00000000f820fd78,0x00000000f8280000)
  to   space 121344K, 0% used [0x00000000f8980000,0x00000000f8980000,0x0000000100000000)
 ParOldGen       total 384512K, used 384503K [0x00000000a0000000, 0x00000000b7780000, 0x00000000e0000000)
  object space 384512K, 99% used [0x00000000a0000000,0x00000000b777deb0,0x00000000b7780000)
 Metaspace       used 71854K, capacity 74312K, committed 74624K, reserved 1114112K
  class space    used 8996K, capacity 9553K, committed 9600K, reserved 1048576K
Event: 1015,669 GC heap after
Heap after GC invocations=54 (full 9):
 PSYoungGen      total 395776K, used 0K [0x00000000e0000000, 0x0000000100000000, 0x0000000100000000)
  eden space 301056K, 0% used [0x00000000e0000000,0x00000000e0000000,0x00000000f2600000)
  from space 94720K, 0% used [0x00000000f2600000,0x00000000f2600000,0x00000000f8280000)
  to   space 121344K, 0% used [0x00000000f8980000,0x00000000f8980000,0x0000000100000000)
 ParOldGen       total 449536K, used 286327K [0x00000000a0000000, 0x00000000bb700000, 0x00000000e0000000)
  object space 449536K, 63% used [0x00000000a0000000,0x00000000b179df90,0x00000000bb700000)
 Metaspace       used 71854K, capacity 74312K, committed 74624K, reserved 1114112K
  class space    used 8996K, capacity 9553K, committed 9600K, reserved 1048576K
}
Event: 1017,554 GC heap before
{Heap before GC invocations=55 (full 9):
 PSYoungGen      total 395776K, used 301056K [0x00000000e0000000, 0x0000000100000000, 0x0000000100000000)
  eden space 301056K, 100% used [0x00000000e0000000,0x00000000f2600000,0x00000000f2600000)
  from space 94720K, 0% used [0x00000000f2600000,0x00000000f2600000,0x00000000f8280000)
  to   space 121344K, 0% used [0x00000000f8980000,0x00000000f8980000,0x0000000100000000)
 ParOldGen       total 449536K, used 286327K [0x00000000a0000000, 0x00000000bb700000, 0x00000000e0000000)
  object space 449536K, 63% used [0x00000000a0000000,0x00000000b179df90,0x00000000bb700000)
 Metaspace       used 71858K, capacity 74376K, committed 74624K, reserved 1114112K
  class space    used 8996K, capacity 9553K, committed 9600K, reserved 1048576K
Event: 1017,675 GC heap after
Heap after GC invocations=55 (full 9):
 PSYoungGen      total 384512K, used 97107K [0x00000000e0000000, 0x0000000100000000, 0x0000000100000000)
  eden space 263168K, 0% used [0x00000000e0000000,0x00000000e0000000,0x00000000f0100000)
  from space 121344K, 80% used [0x00000000f8980000,0x00000000fe854ea0,0x0000000100000000)
  to   space 130560K, 0% used [0x00000000f0100000,0x00000000f0100000,0x00000000f8080000)
 ParOldGen       total 449536K, used 286335K [0x00000000a0000000, 0x00000000bb700000, 0x00000000e0000000)
  object space 449536K, 63% used [0x00000000a0000000,0x00000000b179ff90,0x00000000bb700000)
 Metaspace       used 71858K, capacity 74376K, committed 74624K, reserved 1114112K
  class space    used 8996K, capacity 9553K, committed 9600K, reserved 1048576K
}
Event: 1018,177 GC heap before
{Heap before GC invocations=56 (full 9):
 PSYoungGen      total 384512K, used 360275K [0x00000000e0000000, 0x0000000100000000, 0x0000000100000000)
  eden space 263168K, 100% used [0x00000000e0000000,0x00000000f0100000,0x00000000f0100000)
  from space 121344K, 80% used [0x00000000f8980000,0x00000000fe854ea0,0x0000000100000000)
  to   space 130560K, 0% used [0x00000000f0100000,0x00000000f0100000,0x00000000f8080000)
 ParOldGen       total 449536K, used 286335K [0x00000000a0000000, 0x00000000bb700000, 0x00000000e0000000)
  object space 449536K, 63% used [0x00000000a0000000,0x00000000b179ff90,0x00000000bb700000)
 Metaspace       used 71858K, capacity 74376K, committed 74624K, reserved 1114112K
  class space    used 8996K, capacity 9553K, committed 9600K, reserved 1048576K
Event: 1018,344 GC heap after
Heap after GC invocations=56 (full 9):
 PSYoungGen      total 380416K, used 117002K [0x00000000e0000000, 0x0000000100000000, 0x0000000100000000)
  eden space 263168K, 0% used [0x00000000e0000000,0x00000000e0000000,0x00000000f0100000)
  from space 117248K, 99% used [0x00000000f0100000,0x00000000f7342a98,0x00000000f7380000)
  to   space 143872K, 0% used [0x00000000f7380000,0x00000000f7380000,0x0000000100000000)
 ParOldGen       total 449536K, used 336200K [0x00000000a0000000, 0x00000000bb700000, 0x00000000e0000000)
  object space 449536K, 74% used [0x00000000a0000000,0x00000000b4852388,0x00000000bb700000)
 Metaspace       used 71858K, capacity 74376K, committed 74624K, reserved 1114112K
  class space    used 8996K, capacity 9553K, committed 9600K, reserved 1048576K
}
Event: 1019,418 GC heap before
{Heap before GC invocations=57 (full 9):
 PSYoungGen      total 380416K, used 380170K [0x00000000e0000000, 0x0000000100000000, 0x0000000100000000)
  eden space 263168K, 100% used [0x00000000e0000000,0x00000000f0100000,0x00000000f0100000)
  from space 117248K, 99% used [0x00000000f0100000,0x00000000f7342a98,0x00000000f7380000)
  to   space 143872K, 0% used [0x00000000f7380000,0x00000000f7380000,0x0000000100000000)
 ParOldGen       total 449536K, used 336200K [0x00000000a0000000, 0x00000000bb700000, 0x00000000e0000000)
  object space 449536K, 74% used [0x00000000a0000000,0x00000000b4852388,0x00000000bb700000)
 Metaspace       used 71858K, capacity 74376K, committed 74624K, reserved 1114112K
  class space    used 8996K, capacity 9553K, committed 9600K, reserved 1048576K
Event: 1019,646 GC heap after
Heap after GC invocations=57 (full 9):
 PSYoungGen      total 384512K, used 47714K [0x00000000e0000000, 0x0000000100000000, 0x0000000100000000)
  eden space 240640K, 0% used [0x00000000e0000000,0x00000000e0000000,0x00000000eeb00000)
  from space 143872K, 33% used [0x00000000f7380000,0x00000000fa218bd8,0x0000000100000000)
  to   space 139776K, 0% used [0x00000000eeb00000,0x00000000eeb00000,0x00000000f7380000)
 ParOldGen       total 451584K, used 451375K [0x00000000a0000000, 0x00000000bb900000, 0x00000000e0000000)
  object space 451584K, 99% used [0x00000000a0000000,0x00000000bb8cbc40,0x00000000bb900000)
 Metaspace       used 71858K, capacity 74376K, committed 74624K, reserved 1114112K
  class space    used 8996K, capacity 9553K, committed 9600K, reserved 1048576K
}
Event: 1019,646 GC heap before
{Heap before GC invocations=58 (full 10):
 PSYoungGen      total 384512K, used 47714K [0x00000000e0000000, 0x0000000100000000, 0x0000000100000000)
  eden space 240640K, 0% used [0x00000000e0000000,0x00000000e0000000,0x00000000eeb00000)
  from space 143872K, 33% used [0x00000000f7380000,0x00000000fa218bd8,0x0000000100000000)
  to   space 139776K, 0% used [0x00000000eeb00000,0x00000000eeb00000,0x00000000f7380000)
 ParOldGen       total 451584K, used 451375K [0x00000000a0000000, 0x00000000bb900000, 0x00000000e0000000)
  object space 451584K, 99% used [0x00000000a0000000,0x00000000bb8cbc40,0x00000000bb900000)
 Metaspace       used 71858K, capacity 74376K, committed 74624K, reserved 1114112K
  class space    used 8996K, capacity 9553K, committed 9600K, reserved 1048576K

Deoptimization events (10 events):
Event: 998,590 Thread 0x00007f3bc00d6800 Uncommon trap: reason=class_check action=maybe_recompile pc=0x00007f3c1fa78f40 method=com.android.dx.ssa.SsaConverter.placePhiFunctions(Lcom/android/dx/ssa/SsaMethod;Lcom/android/dx/ssa/LocalVariableInfo;I)V @ 257
Event: 1013,412 Thread 0x00007f3bd40a3800 Uncommon trap: reason=class_check action=maybe_recompile pc=0x00007f3c1fa78f40 method=com.android.dx.ssa.SsaConverter.placePhiFunctions(Lcom/android/dx/ssa/SsaMethod;Lcom/android/dx/ssa/LocalVariableInfo;I)V @ 257
Event: 1013,524 Thread 0x00007f3bd40bc800 Uncommon trap: reason=predicate action=maybe_recompile pc=0x00007f3c1f8f8e58 method=com.android.dx.ssa.back.InterferenceGraph.<init>(I)V @ 23
Event: 1013,527 Thread 0x00007f3bd40bc800 Uncommon trap: reason=unstable_if action=reinterpret pc=0x00007f3c1e764870 method=com.android.dx.ssa.SetFactory.makeLivenessSet(I)Lcom/android/dx/util/IntSet; @ 4
Event: 1013,727 Thread 0x00007f3bd40bc800 Uncommon trap: reason=class_check action=maybe_recompile pc=0x00007f3c1f5190ac method=com.android.dx.ssa.back.InterferenceGraph.mergeInterferenceSet(ILcom/android/dx/util/IntSet;)V @ 20
Event: 1013,729 Thread 0x00007f3bd40bc800 Uncommon trap: reason=class_check action=maybe_recompile pc=0x00007f3c1f5190ac method=com.android.dx.ssa.back.InterferenceGraph.mergeInterferenceSet(ILcom/android/dx/util/IntSet;)V @ 20
Event: 1013,729 Thread 0x00007f3bd40bc800 Uncommon trap: reason=class_check action=maybe_recompile pc=0x00007f3c1f5190ac method=com.android.dx.ssa.back.InterferenceGraph.mergeInterferenceSet(ILcom/android/dx/util/IntSet;)V @ 20
Event: 1013,739 Thread 0x00007f3bd40bc800 Uncommon trap: reason=class_check action=maybe_recompile pc=0x00007f3c1f5190ac method=com.android.dx.ssa.back.InterferenceGraph.mergeInterferenceSet(ILcom/android/dx/util/IntSet;)V @ 20
Event: 1016,381 Thread 0x00007f3b9c020000 Uncommon trap: reason=unstable_if action=reinterpret pc=0x00007f3c1fd2d1a8 method=com.android.dx.cf.code.Ropper.processBlock(Lcom/android/dx/cf/code/ByteBlock;Lcom/android/dx/cf/code/Frame;[I)V @ 651
Event: 1018,086 Thread 0x00007f3bc011a800 Uncommon trap: reason=unstable_if action=reinterpret pc=0x00007f3c1f2ed704 method=com.android.dx.ssa.SsaMethod.deleteInsns(Ljava/util/Set;)V @ 130

Internal exceptions (10 events):
Event: 946,126 Thread 0x00007f3bd0013800 Exception <a 'sun/nio/fs/UnixException'> (0x00000000eba86fc0) thrown at [/build/openjdk-8-jhKD9R/openjdk-8-8u111-b14/src/hotspot/src/share/vm/prims/jni.cpp, line 709]
Event: 951,101 Thread 0x00007f3bd0013800 Implicit null exception at 0x00007f3c1de77db6 to 0x00007f3c1de78ad5
Event: 951,101 Thread 0x00007f3bd0013800 Implicit null exception at 0x00007f3c1e8c19a0 to 0x00007f3c1e8c1b89
Event: 951,101 Thread 0x00007f3bd0013800 Implicit null exception at 0x00007f3c1e8c2cbd to 0x00007f3c1e8c2e5d
Event: 951,825 Thread 0x00007f3bd0013800 Implicit null exception at 0x00007f3c1e8da7f3 to 0x00007f3c1e8da881
Event: 960,543 Thread 0x00007f3bd0013800 Implicit null exception at 0x00007f3c1f0f8784 to 0x00007f3c1f0f8e65
Event: 960,769 Thread 0x00007f3bd0013800 Implicit null exception at 0x00007f3c1f07833c to 0x00007f3c1f078ab5
Event: 987,060 Thread 0x00007f3bc0120000 Implicit null exception at 0x00007f3c1f0cd8c0 to 0x00007f3c1f0ce311
Event: 988,946 Thread 0x00007f3bb4027000 Implicit null exception at 0x00007f3c1f60f710 to 0x00007f3c1f60f7b2
Event: 990,012 Thread 0x00007f3bb4027000 Implicit null exception at 0x00007f3c1fb40198 to 0x00007f3c1fb42a6d

Events (10 events):
Event: 1019,344 Thread 0x00007f3bd40a3800 DEOPT UNPACKING pc=0x00007f3c1cc2c373 sp=0x00007f3bbcdb2dc8 mode 0
Event: 1019,353 Thread 0x00007f3bd40a3800 DEOPT PACKING pc=0x00007f3c1fd6d074 sp=0x00007f3bbcdb3070
Event: 1019,353 Thread 0x00007f3bd40a3800 DEOPT UNPACKING pc=0x00007f3c1cc2c373 sp=0x00007f3bbcdb2dc8 mode 0
Event: 1019,358 Thread 0x00007f3bd40a3800 DEOPT PACKING pc=0x00007f3c1fd6d08b sp=0x00007f3bbcdb3070
Event: 1019,358 Thread 0x00007f3bd40a3800 DEOPT UNPACKING pc=0x00007f3c1cc2c373 sp=0x00007f3bbcdb2dc8 mode 0
Event: 1019,397 Thread 0x00007f3bb402c800 DEOPT PACKING pc=0x00007f3c1f36e0dd sp=0x00007f3b95562ec0
Event: 1019,397 Thread 0x00007f3bb402c800 DEOPT UNPACKING pc=0x00007f3c1cc2c373 sp=0x00007f3b95562d20 mode 0
Event: 1019,405 Thread 0x00007f3bd40a4800 DEOPT PACKING pc=0x00007f3c1fd6d0a2 sp=0x00007f3bbcfb5070
Event: 1019,405 Thread 0x00007f3bd40a4800 DEOPT UNPACKING pc=0x00007f3c1cc2c373 sp=0x00007f3bbcfb4dc8 mode 0
Event: 1019,416 Executing VM operation: ParallelGCFailedAllocation


Dynamic libraries:
a0000000-bb900000 rw-p 00000000 00:00 0 
c3b00000-e0000000 ---p 00000000 00:00 0 
e0000000-100000000 rw-p 00000000 00:00 0 
100000000-100960000 rw-p 00000000 00:00 0 
100960000-140000000 ---p 00000000 00:00 0 
5588d8b80000-5588d8b81000 r-xp 00000000 08:04 4078565                    /usr/lib/jvm/java-8-openjdk-amd64/jre/bin/java
5588d8d80000-5588d8d81000 r--p 00000000 08:04 4078565                    /usr/lib/jvm/java-8-openjdk-amd64/jre/bin/java
5588d8d81000-5588d8d82000 rw-p 00001000 08:04 4078565                    /usr/lib/jvm/java-8-openjdk-amd64/jre/bin/java
5588da3c5000-5588da42d000 rw-p 00000000 00:00 0                          [heap]
7f3b95229000-7f3b9522c000 ---p 00000000 00:00 0 
7f3b9522c000-7f3b95262000 rw-p 00000000 00:00 0 
7f3b95262000-7f3b95265000 ---p 00000000 00:00 0 
7f3b95265000-7f3b95363000 rw-p 00000000 00:00 0 
7f3b95464000-7f3b95467000 ---p 00000000 00:00 0 
7f3b95467000-7f3b95565000 rw-p 00000000 00:00 0 
7f3b95666000-7f3b95669000 ---p 00000000 00:00 0 
7f3b95669000-7f3b9569f000 rw-p 00000000 00:00 0 
7f3b9569f000-7f3b956a2000 ---p 00000000 00:00 0 
7f3b956a2000-7f3b957a0000 rw-p 00000000 00:00 0 
7f3b958a1000-7f3b958a4000 ---p 00000000 00:00 0 
7f3b958a4000-7f3b958da000 rw-p 00000000 00:00 0 
7f3b95adc000-7f3b95adf000 ---p 00000000 00:00 0 
7f3b95adf000-7f3b95b15000 rw-p 00000000 00:00 0 
7f3b95b15000-7f3b95b18000 ---p 00000000 00:00 0 
7f3b95b18000-7f3b95b4e000 rw-p 00000000 00:00 0 
7f3b96255000-7f3b96258000 ---p 00000000 00:00 0 
7f3b96258000-7f3b9628e000 rw-p 00000000 00:00 0 
7f3b96490000-7f3b96493000 ---p 00000000 00:00 0 
7f3b96493000-7f3b964c9000 rw-p 00000000 00:00 0 
7f3b964cb000-7f3b9664b000 rw-p 00000000 00:00 0 
7f3b9664b000-7f3b966ce000 ---p 00000000 00:00 0 
7f3b966ce000-7f3b96704000 rw-p 00000000 00:00 0 
7f3b96704000-7f3b96707000 ---p 00000000 00:00 0 
7f3b96707000-7f3b96805000 rw-p 00000000 00:00 0 
7f3b96805000-7f3b96808000 ---p 00000000 00:00 0 
7f3b96808000-7f3b96906000 rw-p 00000000 00:00 0 
7f3b96906000-7f3b96909000 ---p 00000000 00:00 0 
7f3b96909000-7f3b9693f000 rw-p 00000000 00:00 0 
7f3b96a40000-7f3b96a43000 ---p 00000000 00:00 0 
7f3b96a43000-7f3b96b41000 rw-p 00000000 00:00 0 
7f3b96b41000-7f3b96b44000 ---p 00000000 00:00 0 
7f3b96b44000-7f3b96b7a000 rw-p 00000000 00:00 0 
7f3b96b7e000-7f3b96d7e000 rw-p 00000000 00:00 0 
7f3b96d7e000-7f3b96f7e000 rw-p 00000000 00:00 0 
7f3b96f7e000-7f3b96f81000 ---p 00000000 00:00 0 
7f3b96f81000-7f3b9707f000 rw-p 00000000 00:00 0 
7f3b9707f000-7f3b97082000 ---p 00000000 00:00 0 
7f3b97082000-7f3b97180000 rw-p 00000000 00:00 0 
7f3b97180000-7f3b97183000 ---p 00000000 00:00 0 
7f3b97183000-7f3b97281000 rw-p 00000000 00:00 0 
7f3b97281000-7f3b97284000 ---p 00000000 00:00 0 
7f3b97284000-7f3b972ba000 rw-p 00000000 00:00 0 
7f3b973bb000-7f3b973be000 ---p 00000000 00:00 0 
7f3b973be000-7f3b974bc000 rw-p 00000000 00:00 0 
7f3b974bc000-7f3b974bf000 ---p 00000000 00:00 0 
7f3b974bf000-7f3b974f5000 rw-p 00000000 00:00 0 
7f3b974f5000-7f3b974f8000 ---p 00000000 00:00 0 
7f3b974f8000-7f3b975f6000 rw-p 00000000 00:00 0 
7f3b976f7000-7f3b976fa000 ---p 00000000 00:00 0 
7f3b976fa000-7f3b977f8000 rw-p 00000000 00:00 0 
7f3b978f9000-7f3b978fc000 ---p 00000000 00:00 0 
7f3b978fc000-7f3b979fa000 rw-p 00000000 00:00 0 
7f3b97afd000-7f3b97cfd000 rw-p 00000000 00:00 0 
7f3b97cfd000-7f3b97d00000 ---p 00000000 00:00 0 
7f3b97d00000-7f3b97dfe000 rw-p 00000000 00:00 0 
7f3b97dfe000-7f3b97e01000 ---p 00000000 00:00 0 
7f3b97e01000-7f3b97eff000 rw-p 00000000 00:00 0 
7f3b98000000-7f3b9802c000 rw-p 00000000 00:00 0 
7f3b9802c000-7f3b9c000000 ---p 00000000 00:00 0 
7f3b9c000000-7f3b9c132000 rw-p 00000000 00:00 0 
7f3b9c132000-7f3ba0000000 ---p 00000000 00:00 0 
7f3ba0000000-7f3ba002d000 rw-p 00000000 00:00 0 
7f3ba002d000-7f3ba4000000 ---p 00000000 00:00 0 
7f3ba4000000-7f3ba402b000 rw-p 00000000 00:00 0 
7f3ba402b000-7f3ba8000000 ---p 00000000 00:00 0 
7f3ba8000000-7f3ba803f000 rw-p 00000000 00:00 0 
7f3ba803f000-7f3bac000000 ---p 00000000 00:00 0 
7f3bac000000-7f3bac542000 rw-p 00000000 00:00 0 
7f3bac542000-7f3bb0000000 ---p 00000000 00:00 0 
7f3bb0000000-7f3bb0021000 rw-p 00000000 00:00 0 
7f3bb0021000-7f3bb4000000 ---p 00000000 00:00 0 
7f3bb4000000-7f3bb4131000 rw-p 00000000 00:00 0 
7f3bb4131000-7f3bb8000000 ---p 00000000 00:00 0 
7f3bb8000000-7f3bb8021000 rw-p 00000000 00:00 0 
7f3bb8021000-7f3bbc000000 ---p 00000000 00:00 0 
7f3bbc01a000-7f3bbc01d000 ---p 00000000 00:00 0 
7f3bbc01d000-7f3bbc053000 rw-p 00000000 00:00 0 
7f3bbc053000-7f3bbc056000 ---p 00000000 00:00 0 
7f3bbc056000-7f3bbc08c000 rw-p 00000000 00:00 0 
7f3bbc08c000-7f3bbc08f000 ---p 00000000 00:00 0 
7f3bbc08f000-7f3bbc0c5000 rw-p 00000000 00:00 0 
7f3bbc0c5000-7f3bbc0c8000 ---p 00000000 00:00 0 
7f3bbc0c8000-7f3bbc1c6000 rw-p 00000000 00:00 0 
7f3bbc2c7000-7f3bbc2ca000 ---p 00000000 00:00 0 
7f3bbc2ca000-7f3bbc3c8000 rw-p 00000000 00:00 0 
7f3bbc3c8000-7f3bbc3cb000 ---p 00000000 00:00 0 
7f3bbc3cb000-7f3bbc4c9000 rw-p 00000000 00:00 0 
7f3bbc4c9000-7f3bbc4cc000 ---p 00000000 00:00 0 
7f3bbc4cc000-7f3bbc5ca000 rw-p 00000000 00:00 0 
7f3bbc5cc000-7f3bbc7cc000 rw-p 00000000 00:00 0 
7f3bbc7cc000-7f3bbc7cf000 ---p 00000000 00:00 0 
7f3bbc7cf000-7f3bbc8cd000 rw-p 00000000 00:00 0 
7f3bbc9ce000-7f3bbc9d1000 ---p 00000000 00:00 0 
7f3bbc9d1000-7f3bbcacf000 rw-p 00000000 00:00 0 
7f3bbcacf000-7f3bbcad2000 ---p 00000000 00:00 0 
7f3bbcad2000-7f3bbcb08000 rw-p 00000000 00:00 0 
7f3bbcb08000-7f3bbcb0b000 ---p 00000000 00:00 0 
7f3bbcb0b000-7f3bbcb41000 rw-p 00000000 00:00 0 
7f3bbcb41000-7f3bbcb44000 ---p 00000000 00:00 0 
7f3bbcb44000-7f3bbcb7a000 rw-p 00000000 00:00 0 
7f3bbcb7a000-7f3bbcb7d000 ---p 00000000 00:00 0 
7f3bbcb7d000-7f3bbcbb3000 rw-p 00000000 00:00 0 
7f3bbcbb3000-7f3bbcbb6000 ---p 00000000 00:00 0 
7f3bbcbb6000-7f3bbccb4000 rw-p 00000000 00:00 0 
7f3bbccb4000-7f3bbccb7000 ---p 00000000 00:00 0 
7f3bbccb7000-7f3bbcdb5000 rw-p 00000000 00:00 0 
7f3bbceb6000-7f3bbceb9000 ---p 00000000 00:00 0 
7f3bbceb9000-7f3bbcfb7000 rw-p 00000000 00:00 0 
7f3bbd08b000-7f3bbd09e000 r--s 000d4000 08:04 6423220                    /home/anjas/AndroidStudioProjects/Scantour/app/build/intermediates/exploded-aar/com.google.android.gms/play-services-ads/9.8.00/jars/classes.jar
7f3bbd0a7000-7f3bbd0ac000 r--s 00025000 08:04 6432598                    /home/anjas/AndroidStudioProjects/Scantour/app/build/intermediates/exploded-aar/com.google.android.gms/play-services-wallet/9.8.00/jars/classes.jar
7f3bbd0ac000-7f3bbd0b5000 r--s 00056000 08:04 6423399                    /home/anjas/AndroidStudioProjects/Scantour/app/build/intermediates/exploded-aar/com.google.android.gms/play-services-analytics-impl/9.8.00/jars/classes.jar
7f3bbd0b8000-7f3bbd0bb000 ---p 00000000 00:00 0 
7f3bbd0bb000-7f3bbd1b9000 rw-p 00000000 00:00 0 
7f3bbd1b9000-7f3bbd1bc000 ---p 00000000 00:00 0 
7f3bbd1bc000-7f3bbd2ba000 rw-p 00000000 00:00 0 
7f3bbd2ba000-7f3bbd2bd000 ---p 00000000 00:00 0 
7f3bbd2bd000-7f3bbd3bb000 rw-p 00000000 00:00 0 
7f3bbd3bb000-7f3bbd3be000 ---p 00000000 00:00 0 
7f3bbd3be000-7f3bbd4bc000 rw-p 00000000 00:00 0 
7f3bbd4bc000-7f3bbd4bf000 ---p 00000000 00:00 0 
7f3bbd4bf000-7f3bbd7bd000 rw-p 00000000 00:00 0 
7f3bbd7bd000-7f3bbd9bd000 rw-p 00000000 00:00 0 
7f3bbd9bd000-7f3bbdbbd000 rw-p 00000000 00:00 0 
7f3bbdbbd000-7f3bbddbd000 rw-p 00000000 00:00 0 
7f3bbddbd000-7f3bbdfbd000 rw-p 00000000 00:00 0 
7f3bbdfbd000-7f3bbe1bd000 rw-p 00000000 00:00 0 
7f3bbe1bd000-7f3bbe3bd000 rw-p 00000000 00:00 0 
7f3bbe3bd000-7f3bbe5bd000 rw-p 00000000 00:00 0 
7f3bbe5bd000-7f3bbe7bd000 rw-p 00000000 00:00 0 
7f3bbe7bd000-7f3bbe7d0000 r--s 00346000 08:04 4078658                    /usr/lib/jvm/java-8-openjdk-amd64/jre/lib/resources.jar
7f3bbe7d0000-7f3bbe9d0000 rw-p 00000000 00:00 0 
7f3bbe9d0000-7f3bbebd0000 rw-p 00000000 00:00 0 
7f3bbebd0000-7f3bbedd0000 rw-p 00000000 00:00 0 
7f3bbedd0000-7f3bbefd0000 rw-p 00000000 00:00 0 
7f3bbefd0000-7f3bbf1d0000 rw-p 00000000 00:00 0 
7f3bbf1d0000-7f3bbf1fb000 r--s 001fc000 08:04 678122                     /home/anjas/android-studio/gradle/m2repository/com/google/guava/guava/18.0/guava-18.0.jar
7f3bbf1fb000-7f3bbf1fc000 r--s 00001000 08:04 809805                     /home/anjas/android-studio/gradle/m2repository/com/android/tools/annotations/25.2.2/annotations-25.2.2.jar
7f3bbf1fc000-7f3bbf20e000 r--s 000b3000 08:04 1063038                    /home/anjas/android-studio/gradle/m2repository/com/android/tools/external/com-intellij/uast/145.597.3/uast-145.597.3.jar
7f3bbf20e000-7f3bbf216000 r--s 000a8000 08:04 131624                     /home/anjas/android-studio/gradle/m2repository/com/android/tools/external/lombok/lombok-ast/0.2.3/lombok-ast-0.2.3.jar
7f3bbf216000-7f3bbf218000 r--s 0000d000 08:04 131765                     /home/anjas/android-studio/gradle/m2repository/commons-codec/commons-codec/1.4/commons-codec-1.4.jar
7f3bbf218000-7f3bbf21a000 r--s 0000d000 08:04 131779                     /home/anjas/android-studio/gradle/m2repository/commons-logging/commons-logging/1.1.1/commons-logging-1.1.1.jar
7f3bbf21a000-7f3bbf21f000 r--s 00028000 08:04 131897                     /home/anjas/android-studio/gradle/m2repository/org/apache/httpcomponents/httpcore/4.1/httpcore-4.1.jar
7f3bbf21f000-7f3bbf223000 r--s 0002f000 08:04 809747                     /home/anjas/android-studio/gradle/m2repository/com/google/jimfs/jimfs/1.1/jimfs-1.1.jar
7f3bbf223000-7f3bbf224000 r--s 00004000 08:04 131728                     /home/anjas/android-studio/gradle/m2repository/com/intellij/annotations/12.0/annotations-12.0.jar
7f3bbf224000-7f3bbf225000 r--s 00004000 08:04 678080                     /home/anjas/android-studio/gradle/m2repository/org/ow2/asm/asm-analysis/5.0.4/asm-analysis-5.0.4.jar
7f3bbf225000-7f3bbf229000 r--s 0003b000 08:04 1193637                    /home/anjas/android-studio/gradle/m2repository/com/android/tools/lint/lint-api/25.2.2/lint-api-25.2.2.jar
7f3bbf229000-7f3bbf22a000 r--s 0000a000 08:04 131788                     /home/anjas/android-studio/gradle/m2repository/net/sf/kxml/kxml2/2.3.0/kxml2-2.3.0.jar
7f3bbf22a000-7f3bbf22c000 r--s 00005000 08:04 131903                     /home/anjas/android-studio/gradle/m2repository/org/apache/httpcomponents/httpmime/4.1/httpmime-4.1.jar
7f3bbf22c000-7f3bbf234000 r--s 0004e000 08:04 131883                     /home/anjas/android-studio/gradle/m2repository/org/apache/httpcomponents/httpclient/4.1.1/httpclient-4.1.1.jar
7f3bbf234000-7f3bbf23b000 r--s 00053000 08:04 131860                     /home/anjas/android-studio/gradle/m2repository/org/apache/commons/commons-compress/1.8.1/commons-compress-1.8.1.jar
7f3bbf23b000-7f3bbf240000 r--s 0002a000 08:04 131704                     /home/anjas/android-studio/gradle/m2repository/com/google/code/gson/gson/2.2.4/gson-2.2.4.jar
7f3bbf240000-7f3bbf245000 r--s 0002d000 08:04 1063045                    /home/anjas/android-studio/gradle/m2repository/com/android/tools/repository/25.2.2/repository-25.2.2.jar
7f3bbf245000-7f3bbf246000 r--s 00005000 08:04 1063019                    /home/anjas/android-studio/gradle/m2repository/com/android/tools/dvlib/25.2.2/dvlib-25.2.2.jar
7f3bbf246000-7f3bbf249000 r--s 00014000 08:04 927151                     /home/anjas/android-studio/gradle/m2repository/com/android/tools/layoutlib/layoutlib-api/25.2.2/layoutlib-api-25.2.2.jar
7f3bbf249000-7f3bbf24e000 r--s 00058000 08:04 132008                     /home/anjas/android-studio/gradle/m2repository/org/ow2/asm/asm-debug-all/5.0.1/asm-debug-all-5.0.1.jar
7f3bbf24e000-7f3bbf25e000 r--s 000d6000 08:04 131800                     /home/anjas/android-studio/gradle/m2repository/net/sf/proguard/proguard-base/5.2.1/proguard-base-5.2.1.jar
7f3bbf25e000-7f3bbf261000 r--s 00033000 08:04 131721                     /home/anjas/android-studio/gradle/m2repository/com/googlecode/juniversalchardet/juniversalchardet/1.0.3/juniversalchardet-1.0.3.jar
7f3bbf261000-7f3bbf265000 r--s 0002a000 08:04 131772                     /home/anjas/android-studio/gradle/m2repository/commons-io/commons-io/2.4/commons-io-2.4.jar
7f3bbf265000-7f3bbf27c000 r--s 00154000 08:04 678103                     /home/anjas/android-studio/gradle/m2repository/org/antlr/antlr4/4.5.3/antlr4-4.5.3.jar
7f3bbf27c000-7f3bbf27d000 r--s 00002000 08:04 809762                     /home/anjas/android-studio/gradle/m2repository/com/android/databinding/baseLibrary/2.2.2/baseLibrary-2.2.2.jar
7f3bbf27d000-7f3bbf290000 r--s 00236000 08:04 678095                     /home/anjas/android-studio/gradle/m2repository/org/eclipse/jdt/core/compiler/ecj/4.5.1/ecj-4.5.1.jar
7f3bbf290000-7f3bbf297000 r--s 000c3000 08:04 1063068                    /home/anjas/android-studio/gradle/m2repository/com/android/tools/lint/lint-checks/25.2.2/lint-checks-25.2.2.jar
7f3bbf297000-7f3bbf299000 r--s 00006000 08:04 678083                     /home/anjas/android-studio/gradle/m2repository/org/ow2/asm/asm-tree/5.0.4/asm-tree-5.0.4.jar
7f3bbf299000-7f3bbf2cc000 r--s 00203000 08:04 131919                     /home/anjas/android-studio/gradle/m2repository/org/bouncycastle/bcprov-jdk15on/1.48/bcprov-jdk15on-1.48.jar
7f3bbf2cc000-7f3bbf2da000 r--s 00081000 08:04 131913                     /home/anjas/android-studio/gradle/m2repository/org/bouncycastle/bcpkix-jdk15on/1.48/bcpkix-jdk15on-1.48.jar
7f3bbf2da000-7f3bbf2dc000 r--s 00002000 08:04 131735                     /home/anjas/android-studio/gradle/m2repository/com/squareup/javawriter/2.5.0/javawriter-2.5.0.jar
7f3bbf2dc000-7f3bbf2dd000 r--s 00002000 08:04 1063056                    /home/anjas/android-studio/gradle/m2repository/com/android/tools/analytics-library/tracker/25.2.2/tracker-25.2.2.jar
7f3bbf2dd000-7f3bbf2df000 r--s 00003000 08:04 1193599                    /home/anjas/android-studio/gradle/m2repository/com/android/tools/analytics-library/shared/25.2.2/shared-25.2.2.jar
7f3bbf2df000-7f3bbf2ec000 r--s 000ed000 08:04 1063065                    /home/anjas/android-studio/gradle/m2repository/com/android/tools/analytics-library/protos/25.2.2/protos-25.2.2.jar
7f3bbf2ec000-7f3bbf2ed000 r--s 00001000 08:04 131639                     /home/anjas/android-studio/gradle/m2repository/com/android/tools/jill/jill-api/0.10.0/jill-api-0.10.0.jar
7f3bbf2ed000-7f3bbf2ef000 r--s 00003000 08:04 1193660                    /home/anjas/android-studio/gradle/m2repository/com/android/tools/jack/jack-api/0.11.0/jack-api-0.11.0.jar
7f3bbf2ef000-7f3bbf2f4000 r--s 0004a000 08:04 1062991                    /home/anjas/android-studio/gradle/m2repository/com/android/tools/ddms/ddmlib/25.2.2/ddmlib-25.2.2.jar
7f3bbf2f4000-7f3bbf2f7000 r--s 00021000 08:04 927102                     /home/anjas/android-studio/gradle/m2repository/com/android/tools/build/manifest-merger/25.2.2/manifest-merger-25.2.2.jar
7f3bbf2f7000-7f3bbf2f9000 r--s 0001c000 08:04 1193674                    /home/anjas/android-studio/gradle/m2repository/com/android/tools/common/25.2.2/common-25.2.2.jar
7f3bbf2f9000-7f3bbf302000 r--s 00083000 08:04 927169                     /home/anjas/android-studio/gradle/m2repository/com/android/tools/sdk-common/25.2.2/sdk-common-25.2.2.jar
7f3bbf302000-7f3bbf30d000 r--s 0008e000 08:04 1193653                    /home/anjas/android-studio/gradle/m2repository/com/android/tools/sdklib/25.2.2/sdklib-25.2.2.jar
7f3bbf30d000-7f3bbf30e000 r--s 00002000 08:04 927074                     /home/anjas/android-studio/gradle/m2repository/com/android/tools/build/builder-test-api/2.2.2/builder-test-api-2.2.2.jar
7f3bbf30e000-7f3bbf311000 r--s 00005000 08:04 927125                     /home/anjas/android-studio/gradle/m2repository/com/android/tools/build/builder-model/2.2.2/builder-model-2.2.2.jar
7f3bbf311000-7f3bbf319000 r--s 0007b000 08:04 678132                     /home/anjas/android-studio/gradle/m2repository/com/google/protobuf/protobuf-java/2.5.0/protobuf-java-2.5.0.jar
7f3bbf319000-7f3bbf31b000 r--s 0000f000 08:04 1193681                    /home/anjas/android-studio/gradle/m2repository/net/sf/jopt-simple/jopt-simple/4.9/jopt-simple-4.9.jar
7f3bbf31b000-7f3bbf31f000 r--s 0001f000 08:04 678117                     /home/anjas/android-studio/gradle/m2repository/org/jacoco/org.jacoco.report/0.7.5.201505241946/org.jacoco.report-0.7.5.201505241946.jar
7f3bbf31f000-7f3bbf323000 r--s 0001d000 08:04 678107                     /home/anjas/android-studio/gradle/m2repository/org/jacoco/org.jacoco.core/0.7.5.201505241946/org.jacoco.core-0.7.5.201505241946.jar
7f3bbf323000-7f3bbf324000 r--s 00002000 08:04 131811                     /home/anjas/android-studio/gradle/m2repository/net/sf/proguard/proguard-gradle/5.2.1/proguard-gradle-5.2.1.jar
7f3bbf324000-7f3bbf33b000 r--s 0015d000 08:04 809830                     /home/anjas/android-studio/gradle/m2repository/com/android/tools/build/builder/2.2.2/builder-2.2.2.jar
7f3bbf33b000-7f3bbf357000 r--s 0019d000 08:04 927112                     /home/anjas/android-studio/gradle/m2repository/com/android/tools/build/gradle-core/2.2.2/gradle-core-2.2.2.jar
7f3bbf357000-7f3bbf557000 rw-p 00000000 00:00 0 
7f3bbf557000-7f3bbf757000 rw-p 00000000 00:00 0 
7f3bbf757000-7f3bbf957000 rw-p 00000000 00:00 0 
7f3bbf957000-7f3bbf9c7000 r--s 00643000 08:04 131218                     /home/anjas/android-studio/lib/groovy-all-2.4.6.jar
7f3bbf9c7000-7f3bbf9ca000 ---p 00000000 00:00 0 
7f3bbf9ca000-7f3bbfc00000 rw-p 00000000 00:00 0 
7f3bbfc00000-7f3bbfe00000 rw-p 00000000 00:00 0 
7f3bbfe00000-7f3bc0000000 rw-p 00000000 00:00 0 
7f3bc0000000-7f3bc0203000 rw-p 00000000 00:00 0 
7f3bc0203000-7f3bc4000000 ---p 00000000 00:00 0 
7f3bc4000000-7f3bc4021000 rw-p 00000000 00:00 0 
7f3bc4021000-7f3bc8000000 ---p 00000000 00:00 0 
7f3bc8000000-7f3bc8021000 rw-p 00000000 00:00 0 
7f3bc8021000-7f3bcc000000 ---p 00000000 00:00 0 
7f3bcc000000-7f3bcd7c6000 rw-p 00000000 00:00 0 
7f3bcd7c6000-7f3bd0000000 ---p 00000000 00:00 0 
7f3bd0000000-7f3bd0034000 rw-p 00000000 00:00 0 
7f3bd0034000-7f3bd4000000 ---p 00000000 00:00 0 
7f3bd4000000-7f3bd4150000 rw-p 00000000 00:00 0 
7f3bd4150000-7f3bd8000000 ---p 00000000 00:00 0 
7f3bd8000000-7f3bd8070000 rw-p 00000000 00:00 0 
7f3bd8070000-7f3bdc000000 ---p 00000000 00:00 0 
7f3bdc000000-7f3bdc03d000 rw-p 00000000 00:00 0 
7f3bdc03d000-7f3be0000000 ---p 00000000 00:00 0 
7f3be0000000-7f3be0021000 rw-p 00000000 00:00 0 
7f3be0021000-7f3be4000000 ---p 00000000 00:00 0 
7f3be4000000-7f3be4025000 rw-p 00000000 00:00 0 
7f3be4025000-7f3be8000000 ---p 00000000 00:00 0 
7f3be8000000-7f3bea27b000 rw-p 00000000 00:00 0 
7f3bea27b000-7f3bec000000 ---p 00000000 00:00 0 
7f3bec000000-7f3bed6c3000 rw-p 00000000 00:00 0 
7f3bed6c3000-7f3bf0000000 ---p 00000000 00:00 0 
7f3bf0000000-7f3bf0021000 rw-p 00000000 00:00 0 
7f3bf0021000-7f3bf4000000 ---p 00000000 00:00 0 
7f3bf4000000-7f3bf6191000 rw-p 00000000 00:00 0 
7f3bf6191000-7f3bf8000000 ---p 00000000 00:00 0 
7f3bf8000000-7f3bf8039000 rw-p 00000000 00:00 0 
7f3bf8039000-7f3bfc000000 ---p 00000000 00:00 0 
7f3bfc000000-7f3bfc021000 rw-p 00000000 00:00 0 
7f3bfc021000-7f3c00000000 ---p 00000000 00:00 0 
7f3c00000000-7f3c004cf000 rw-p 00000000 00:00 0 
7f3c004cf000-7f3c04000000 ---p 00000000 00:00 0 
7f3c04000000-7f3c04002000 r--s 00009000 08:04 678086                     /home/anjas/android-studio/gradle/m2repository/org/ow2/asm/asm-commons/5.0.4/asm-commons-5.0.4.jar
7f3c04002000-7f3c04004000 r--s 0000c000 08:04 678092                     /home/anjas/android-studio/gradle/m2repository/org/ow2/asm/asm/5.0.4/asm-5.0.4.jar
7f3c04004000-7f3c04008000 r--s 0002b000 08:04 809787                     /home/anjas/android-studio/gradle/m2repository/com/android/databinding/compilerCommon/2.2.2/compilerCommon-2.2.2.jar
7f3c04008000-7f3c04009000 r--s 00002000 08:04 927088                     /home/anjas/android-studio/gradle/m2repository/com/android/tools/build/gradle-api/2.2.2/gradle-api-2.2.2.jar
7f3c04009000-7f3c0400a000 r--s 00000000 08:04 131589                     /home/anjas/android-studio/gradle/m2repository/com/android/tools/build/transform-api/2.0.0-deprecated-use-gradle-api/transform-api-2.0.0-deprecated-use-gradle-api.jar
7f3c0400a000-7f3c0400f000 r--s 00053000 08:04 1193620                    /home/anjas/android-studio/gradle/m2repository/com/android/tools/lint/lint/25.2.2/lint-25.2.2.jar
7f3c0400f000-7f3c04011000 r--s 0000d000 08:04 927137                     /home/anjas/android-studio/gradle/m2repository/com/android/tools/build/gradle/2.2.2/gradle-2.2.2.jar
7f3c04011000-7f3c04016000 r--s 00034000 08:04 131198                     /home/anjas/android-studio/lib/gson-2.5.jar
7f3c04016000-7f3c04017000 r--p 00000000 00:00 0 
7f3c04017000-7f3c0401c000 r--s 00076000 08:04 262429                     /home/anjas/android-studio/plugins/gradle/lib/gradle-tooling-extension-impl.jar
7f3c0401c000-7f3c0401d000 r--s 00002000 08:04 131216                     /home/anjas/android-studio/lib/external-system-rt.jar
7f3c0401d000-7f3c0401f000 r--s 0000a000 08:04 262428                     /home/anjas/android-studio/plugins/gradle/lib/gradle-tooling-extension-api.jar
7f3c0401f000-7f3c04047000 r--s 001cf000 08:04 262432                     /home/anjas/android-studio/plugins/gradle/lib/guava-jdk5-17.0.jar
7f3c04047000-7f3c04048000 r--s 00000000 08:04 809862                     /home/anjas/.gradle/caches/jars-1/dg22azhabc6tsc1i8xni15giz1bnssh/gradle-appengine-builder-model-0.1.0.jar
7f3c04048000-7f3c0404b000 r--s 00005000 08:04 809860                     /home/anjas/.gradle/caches/jars-1/aembewtwr3e7s6a0xkzh7au0nqprc8i/builder-model-2.2.0-alpha6.jar
7f3c0404b000-7f3c0404c000 r--s 00002000 08:04 809858                     /home/anjas/.gradle/caches/jars-1/9pat4a2vl3jrskpg2kra342ensd6e7/external-system-rt.jar
7f3c0404c000-7f3c0404e000 r--s 0000a000 08:04 809856                     /home/anjas/.gradle/caches/jars-1/411vq8j40nmkhjbby7ci72fm3i2jnfb/gradle-tooling-extension-api.jar
7f3c0404e000-7f3c0405b000 r--s 0017f000 08:04 6424988                    /home/anjas/.gradle/caches/jars-1/k645wab4rd5a5h570wgy6nyiiaa7avd/velocity.jar
7f3c0405b000-7f3c04092000 r--s 001bd000 08:04 6298371                    /home/anjas/.gradle/caches/jars-1/2xkn8y4g49ep3x2f5cg5s5a2xqtca3v/gradle-core-2.14.1.jar
7f3c04092000-7f3c040ba000 r--s 001cf000 08:04 6298369                    /home/anjas/.gradle/caches/jars-1/87eo0lrvp84r6dbxjq018wy66es2era/guava-jdk5-17.0.jar
7f3c040ba000-7f3c040c2000 r--s 0003a000 08:04 6298367                    /home/anjas/.gradle/caches/jars-1/fdivu3ta8l5xdemt5omuo26ei8xpixu/gradle-base-services-2.14.1.jar
7f3c040c2000-7f3c040d0000 r--s 0004f000 08:04 6298365                    /home/anjas/.gradle/caches/jars-1/lx7cd34m09bn56fdke7xikr221f6475/gradle-tooling-api-2.14.1.jar
7f3c040d0000-7f3c040d3000 ---p 00000000 00:00 0 
7f3c040d3000-7f3c043d1000 rw-p 00000000 00:00 0 
7f3c043d1000-7f3c0444a000 r--s 010ec000 08:04 4086953                    /usr/lib/jvm/java-8-openjdk-amd64/lib/tools.jar
7f3c0444a000-7f3c0464a000 rw-p 00000000 00:00 0 
7f3c0464a000-7f3c0464d000 ---p 00000000 00:00 0 
7f3c0464d000-7f3c0474b000 rw-p 00000000 00:00 0 
7f3c0474b000-7f3c0474e000 ---p 00000000 00:00 0 
7f3c0474e000-7f3c0484c000 rw-p 00000000 00:00 0 
7f3c0484c000-7f3c0484f000 ---p 00000000 00:00 0 
7f3c0484f000-7f3c0494d000 rw-p 00000000 00:00 0 
7f3c0494d000-7f3c04950000 ---p 00000000 00:00 0 
7f3c04950000-7f3c04a4e000 rw-p 00000000 00:00 0 
7f3c04a4e000-7f3c04a51000 ---p 00000000 00:00 0 
7f3c04a51000-7f3c04b4f000 rw-p 00000000 00:00 0 
7f3c04b4f000-7f3c04b52000 ---p 00000000 00:00 0 
7f3c04b52000-7f3c04c50000 rw-p 00000000 00:00 0 
7f3c04c50000-7f3c04c53000 ---p 00000000 00:00 0 
7f3c04c53000-7f3c04d51000 rw-p 00000000 00:00 0 
7f3c04d51000-7f3c04d58000 r--s 00000000 08:04 4328199                    /usr/lib/x86_64-linux-gnu/gconv/gconv-modules.cache
7f3c04d58000-7f3c04f58000 rw-p 00000000 00:00 0 
7f3c04f58000-7f3c04f5b000 ---p 00000000 00:00 0 
7f3c04f5b000-7f3c05059000 rw-p 00000000 00:00 0 
7f3c05059000-7f3c05062000 r-xp 00000000 08:04 4078612                    /usr/lib/jvm/java-8-openjdk-amd64/jre/lib/amd64/libmanagement.so
7f3c05062000-7f3c05261000 ---p 00009000 08:04 4078612                    /usr/lib/jvm/java-8-openjdk-amd64/jre/lib/amd64/libmanagement.so
7f3c05261000-7f3c05262000 r--p 00008000 08:04 4078612                    /usr/lib/jvm/java-8-openjdk-amd64/jre/lib/amd64/libmanagement.so
7f3c05262000-7f3c05263000 rw-p 00009000 08:04 4078612                    /usr/lib/jvm/java-8-openjdk-amd64/jre/lib/amd64/libmanagement.so
7f3c05263000-7f3c05267000 r--s 00097000 08:04 4078654                    /usr/lib/jvm/java-8-openjdk-amd64/jre/lib/jsse.jar
7f3c05267000-7f3c05269000 r--s 00007000 08:04 131422                     /home/anjas/android-studio/gradle/gradle-2.14.1/lib/plugins/gradle-tooling-api-builders-2.14.1.jar
7f3c05269000-7f3c0526c000 r--s 00008000 08:04 131421                     /home/anjas/android-studio/gradle/gradle-2.14.1/lib/plugins/gradle-testing-native-2.14.1.jar
7f3c0526c000-7f3c0526e000 r--s 00009000 08:04 131424                     /home/anjas/android-studio/gradle/gradle-2.14.1/lib/plugins/hamcrest-core-1.3.jar
7f3c0526e000-7f3c05274000 r--s 00033000 08:04 131467                     /home/anjas/android-studio/gradle/gradle-2.14.1/lib/plugins/snakeyaml-1.6.jar
7f3c05274000-7f3c05276000 r--s 00006000 08:04 131433                     /home/anjas/android-studio/gradle/gradle-2.14.1/lib/plugins/jcommander-1.12.jar
7f3c05276000-7f3c0527b000 r--s 00040000 08:04 131376                     /home/anjas/android-studio/gradle/gradle-2.14.1/lib/plugins/bsh-2.0b4.jar
7f3c0527b000-7f3c05284000 r--s 00089000 08:04 131472                     /home/anjas/android-studio/gradle/gradle-2.14.1/lib/plugins/testng-6.3.1.jar
7f3c05284000-7f3c0528c000 r--s 00045000 08:04 131443                     /home/anjas/android-studio/gradle/gradle-2.14.1/lib/plugins/junit-4.12.jar
7f3c0528c000-7f3c05292000 r--s 0002e000 08:04 131420                     /home/anjas/android-studio/gradle/gradle-2.14.1/lib/plugins/gradle-testing-jvm-2.14.1.jar
7f3c05292000-7f3c05297000 r--s 00015000 08:04 131419                     /home/anjas/android-studio/gradle/gradle-2.14.1/lib/plugins/gradle-testing-base-2.14.1.jar
7f3c05297000-7f3c05298000 r--s 00002000 08:04 131471                     /home/anjas/android-studio/gradle/gradle-2.14.1/lib/plugins/sonar-batch-bootstrapper-2.9.jar
7f3c05298000-7f3c0529b000 r--s 00015000 08:04 131417                     /home/anjas/android-studio/gradle/gradle-2.14.1/lib/plugins/gradle-sonar-2.14.1.jar
7f3c0529b000-7f3c052a2000 r--s 00038000 08:04 131373                     /home/anjas/android-studio/gradle/gradle-2.14.1/lib/plugins/bcpg-jdk15on-1.51.jar
7f3c052a2000-7f3c052a4000 r--s 0000d000 08:04 131416                     /home/anjas/android-studio/gradle/gradle-2.14.1/lib/plugins/gradle-signing-2.14.1.jar
7f3c052a4000-7f3c052a7000 r--s 00009000 08:04 131415                     /home/anjas/android-studio/gradle/gradle-2.14.1/lib/plugins/gradle-scala-2.14.1.jar
7f3c052a7000-7f3c052a8000 r--s 00004000 08:04 131414                     /home/anjas/android-studio/gradle/gradle-2.14.1/lib/plugins/gradle-resources-sftp-2.14.1.jar
7f3c052a8000-7f3c052b8000 r--s 00088000 08:04 131439                     /home/anjas/android-studio/gradle/gradle-2.14.1/lib/plugins/joda-time-2.8.2.jar
7f3c052b8000-7f3c052c9000 r--s 000cf000 08:04 131430                     /home/anjas/android-studio/gradle/gradle-2.14.1/lib/plugins/jackson-databind-2.3.2.jar
7f3c052c9000-7f3c052cb000 r--s 00007000 08:04 131428                     /home/anjas/android-studio/gradle/gradle-2.14.1/lib/plugins/jackson-annotations-2.3.2.jar
7f3c052cb000-7f3c052ce000 r--s 0002e000 08:04 131429                     /home/anjas/android-studio/gradle/gradle-2.14.1/lib/plugins/jackson-core-2.3.2.jar
7f3c052ce000-7f3c052d9000 r--s 0006b000 08:04 131370                     /home/anjas/android-studio/gradle/gradle-2.14.1/lib/plugins/aws-java-sdk-core-1.9.19.jar
7f3c052d9000-7f3c052df000 r--s 00036000 08:04 131371                     /home/anjas/android-studio/gradle/gradle-2.14.1/lib/plugins/aws-java-sdk-kms-1.9.19.jar
7f3c052df000-7f3c052ea000 r--s 00079000 08:04 131372                     /home/anjas/android-studio/gradle/gradle-2.14.1/lib/plugins/aws-java-sdk-s3-1.9.19.jar
7f3c052ea000-7f3c052eb000 r--s 00003000 08:04 131413                     /home/anjas/android-studio/gradle/gradle-2.14.1/lib/plugins/gradle-resources-s3-2.14.1.jar
7f3c052eb000-7f3c052ed000 r--s 00005000 08:04 131431                     /home/anjas/android-studio/gradle/gradle-2.14.1/lib/plugins/jatl-0.2.2.jar
7f3c052ed000-7f3c052ef000 r--s 0000f000 08:04 131411                     /home/anjas/android-studio/gradle/gradle-2.14.1/lib/plugins/gradle-reporting-2.14.1.jar
7f3c052ef000-7f3c052f1000 r--s 00002000 08:04 131410                     /home/anjas/android-studio/gradle/gradle-2.14.1/lib/plugins/gradle-publish-2.14.1.jar
7f3c052f1000-7f3c052f3000 r--s 00009000 08:04 131377                     /home/anjas/android-studio/gradle/gradle-2.14.1/lib/plugins/commons-cli-1.2.jar
7f3c052f3000-7f3c052f9000 r--s 00033000 08:04 131409                     /home/anjas/android-studio/gradle/gradle-2.14.1/lib/plugins/gradle-plugins-2.14.1.jar
7f3c052f9000-7f3c052fb000 r--s 00007000 08:04 131407                     /home/anjas/android-studio/gradle/gradle-2.14.1/lib/plugins/gradle-plugin-development-2.14.1.jar
7f3c052fb000-7f3c05301000 r--s 0002a000 08:04 131406                     /home/anjas/android-studio/gradle/gradle-2.14.1/lib/plugins/gradle-platform-play-2.14.1.jar
7f3c05301000-7f3c0530e000 r--s 0004d000 08:04 131405                     /home/anjas/android-studio/gradle/gradle-2.14.1/lib/plugins/gradle-platform-native-2.14.1.jar
7f3c0530e000-7f3c05312000 r--s 0001a000 08:04 131404                     /home/anjas/android-studio/gradle/gradle-2.14.1/lib/plugins/gradle-platform-jvm-2.14.1.jar
7f3c05312000-7f3c05319000 r--s 00029000 08:04 131403                     /home/anjas/android-studio/gradle/gradle-2.14.1/lib/plugins/gradle-platform-base-2.14.1.jar
7f3c05319000-7f3c0533a000 r--s 001c3000 08:04 131375                     /home/anjas/android-studio/gradle/gradle-2.14.1/lib/plugins/bndlib-2.4.0.jar
7f3c0533a000-7f3c0533c000 r--s 00003000 08:04 131402                     /home/anjas/android-studio/gradle/gradle-2.14.1/lib/plugins/gradle-osgi-2.14.1.jar
7f3c0533c000-7f3c0533f000 r--s 0000c000 08:04 131463                     /home/anjas/android-studio/gradle/gradle-2.14.1/lib/plugins/pmaven-groovy-0.8-20100325.jar
7f3c0533f000-7f3c05340000 r--s 00004000 08:04 131462                     /home/anjas/android-studio/gradle/gradle-2.14.1/lib/plugins/pmaven-common-0.8-20100325.jar
7f3c05340000-7f3c05346000 r--s 00022000 08:04 131401                     /home/anjas/android-studio/gradle/gradle-2.14.1/lib/plugins/gradle-maven-2.14.1.jar
7f3c05346000-7f3c05348000 r--s 0000a000 08:04 131400                     /home/anjas/android-studio/gradle/gradle-2.14.1/lib/plugins/gradle-language-scala-2.14.1.jar
7f3c05348000-7f3c0534e000 r--s 0001a000 08:04 131399                     /home/anjas/android-studio/gradle/gradle-2.14.1/lib/plugins/gradle-language-native-2.14.1.jar
7f3c0534e000-7f3c05350000 r--s 00008000 08:04 131398                     /home/anjas/android-studio/gradle/gradle-2.14.1/lib/plugins/gradle-language-jvm-2.14.1.jar
7f3c05350000-7f3c05356000 r--s 00024000 08:04 131397                     /home/anjas/android-studio/gradle/gradle-2.14.1/lib/plugins/gradle-language-java-2.14.1.jar
7f3c05356000-7f3c05358000 r--s 0000a000 08:04 131396                     /home/anjas/android-studio/gradle/gradle-2.14.1/lib/plugins/gradle-language-groovy-2.14.1.jar
7f3c05358000-7f3c0535b000 r--s 0001e000 08:04 131442                     /home/anjas/android-studio/gradle/gradle-2.14.1/lib/plugins/jsp-api-2.1-6.1.14.jar
7f3c0535b000-7f3c0537e000 r--s 00344000 08:04 131379                     /home/anjas/android-studio/gradle/gradle-2.14.1/lib/plugins/core-3.1.1.jar
7f3c0537e000-7f3c0537f000 r--s 00006000 08:04 131436                     /home/anjas/android-studio/gradle/gradle-2.14.1/lib/plugins/jetty-naming-6.1.25.jar
7f3c0537f000-7f3c05380000 r--s 00002000 08:04 131380                     /home/anjas/android-studio/gradle/gradle-2.14.1/lib/plugins/geronimo-annotation_1.0_spec-1.0.jar
7f3c05380000-7f3c05382000 r--s 00002000 08:04 131435                     /home/anjas/android-studio/gradle/gradle-2.14.1/lib/plugins/jetty-annotations-6.1.25.jar
7f3c05382000-7f3c05393000 r--s 000ea000 08:04 131441                     /home/anjas/android-studio/gradle/gradle-2.14.1/lib/plugins/jsp-2.1-6.1.14.jar
7f3c05393000-7f3c05395000 r--s 0000d000 08:04 131437                     /home/anjas/android-studio/gradle/gradle-2.14.1/lib/plugins/jetty-plus-6.1.25.jar
7f3c05395000-7f3c05397000 r--s 0001f000 08:04 131465                     /home/anjas/android-studio/gradle/gradle-2.14.1/lib/plugins/servlet-api-2.5-20081211.jar
7f3c05397000-7f3c0539b000 r--s 00028000 08:04 131438                     /home/anjas/android-studio/gradle/gradle-2.14.1/lib/plugins/jetty-util-6.1.25.jar
7f3c0539b000-7f3c053a2000 r--s 0007d000 08:04 131434                     /home/anjas/android-studio/gradle/gradle-2.14.1/lib/plugins/jetty-6.1.25.jar
7f3c053a2000-7f3c053a4000 r--s 00009000 08:04 131395                     /home/anjas/android-studio/gradle/gradle-2.14.1/lib/plugins/gradle-jetty-2.14.1.jar
7f3c053a4000-7f3c053ab000 r--s 00035000 08:04 131466                     /home/anjas/android-studio/gradle/gradle-2.14.1/lib/plugins/simple-4.1.21.jar
7f3c053ab000-7f3c053b7000 r--s 00100000 08:04 131464                     /home/anjas/android-studio/gradle/gradle-2.14.1/lib/plugins/rhino-1.7R3.jar
7f3c053b7000-7f3c053bb000 r--s 00011000 08:04 131394                     /home/anjas/android-studio/gradle/gradle-2.14.1/lib/plugins/gradle-javascript-2.14.1.jar
7f3c053bb000-7f3c053bd000 r--s 0000c000 08:04 131393                     /home/anjas/android-studio/gradle/gradle-2.14.1/lib/plugins/gradle-jacoco-2.14.1.jar
7f3c053bd000-7f3c053c0000 r--s 0000e000 08:04 131392                     /home/anjas/android-studio/gradle/gradle-2.14.1/lib/plugins/gradle-ivy-2.14.1.jar
7f3c053c0000-7f3c053c1000 r--s 00002000 08:04 131391                     /home/anjas/android-studio/gradle/gradle-2.14.1/lib/plugins/gradle-ide-play-2.14.1.jar
7f3c053c1000-7f3c053c6000 r--s 0002b000 08:04 131390                     /home/anjas/android-studio/gradle/gradle-2.14.1/lib/plugins/gradle-ide-native-2.14.1.jar
7f3c053c6000-7f3c053d1000 r--s 00066000 08:04 131389                     /home/anjas/android-studio/gradle/gradle-2.14.1/lib/plugins/gradle-ide-2.14.1.jar
7f3c053d1000-7f3c053d2000 r--s 00008000 08:04 131388                     /home/anjas/android-studio/gradle/gradle-2.14.1/lib/plugins/gradle-ear-2.14.1.jar
7f3c053d2000-7f3c053d8000 r--s 00032000 08:04 131387                     /home/anjas/android-studio/gradle/gradle-2.14.1/lib/plugins/gradle-diagnostics-2.14.1.jar
7f3c053d8000-7f3c053dc000 r--s 00021000 08:04 131385                     /home/anjas/android-studio/gradle/gradle-2.14.1/lib/plugins/gradle-code-quality-2.14.1.jar
7f3c053dc000-7f3c053e0000 r--s 0001f000 08:04 131384                     /home/anjas/android-studio/gradle/gradle-2.14.1/lib/plugins/gradle-build-init-2.14.1.jar
7f3c053e0000-7f3c053e7000 r--s 0008e000 08:04 131383                     /home/anjas/android-studio/gradle/gradle-2.14.1/lib/plugins/gradle-build-comparison-2.14.1.jar
7f3c053e7000-7f3c053e9000 r--s 00008000 08:04 131382                     /home/anjas/android-studio/gradle/gradle-2.14.1/lib/plugins/gradle-antlr-2.14.1.jar
7f3c053e9000-7f3c053eb000 r--s 00004000 08:04 131381                     /home/anjas/android-studio/gradle/gradle-2.14.1/lib/plugins/gradle-announce-2.14.1.jar
7f3c053eb000-7f3c05403000 r--s 00115000 08:04 131478                     /home/anjas/android-studio/gradle/gradle-2.14.1/lib/plugins/xercesImpl-2.9.1.jar
7f3c05403000-7f3c0540b000 r--s 00028000 08:04 131479                     /home/anjas/android-studio/gradle/gradle-2.14.1/lib/plugins/xml-apis-1.3.04.jar
7f3c0540b000-7f3c05411000 r--s 0005b000 08:04 131432                     /home/anjas/android-studio/gradle/gradle-2.14.1/lib/plugins/jcifs-1.3.17.jar
7f3c05411000-7f3c05418000 r--s 00049000 08:04 131426                     /home/anjas/android-studio/gradle/gradle-2.14.1/lib/plugins/httpcore-4.4.4.jar
7f3c05418000-7f3c0541e000 r--s 00033000 08:04 131378                     /home/anjas/android-studio/gradle/gradle-2.14.1/lib/plugins/commons-codec-1.6.jar
7f3c0541e000-7f3c05421000 r--s 0001c000 08:04 131454                     /home/anjas/android-studio/gradle/gradle-2.14.1/lib/plugins/nekohtml-1.9.14.jar
7f3c05421000-7f3c0542e000 r--s 000a4000 08:04 131425                     /home/anjas/android-studio/gradle/gradle-2.14.1/lib/plugins/httpclient-4.4.1.jar
7f3c0542e000-7f3c05430000 r--s 0000a000 08:04 131412                     /home/anjas/android-studio/gradle/gradle-2.14.1/lib/plugins/gradle-resources-http-2.14.1.jar
7f3c05430000-7f3c05434000 r--s 00014000 08:04 131408                     /home/anjas/android-studio/gradle/gradle-2.14.1/lib/plugins/gradle-plugin-use-2.14.1.jar
7f3c05434000-7f3c05435000 r--s 00000000 08:04 131328                     /home/anjas/android-studio/gradle/gradle-2.14.1/lib/gradle-installation-beacon-2.14.1.jar
7f3c05435000-7f3c05436000 r--s 00007000 08:04 131475                     /home/anjas/android-studio/gradle/gradle-2.14.1/lib/plugins/wagon-http-shared4-2.4.jar
7f3c05436000-7f3c0543a000 r--s 00033000 08:04 131461                     /home/anjas/android-studio/gradle/gradle-2.14.1/lib/plugins/plexus-utils-2.0.6.jar
7f3c0543a000-7f3c0543e000 r--s 00021000 08:04 131449                     /home/anjas/android-studio/gradle/gradle-2.14.1/lib/plugins/maven-model-builder-3.0.4.jar
7f3c0543e000-7f3c0543f000 r--s 00002000 08:04 131473                     /home/anjas/android-studio/gradle/gradle-2.14.1/lib/plugins/wagon-file-2.4.jar
7f3c0543f000-7f3c05441000 r--s 00002000 08:04 131455                     /home/anjas/android-studio/gradle/gradle-2.14.1/lib/plugins/plexus-cipher-1.7.jar
7f3c05441000-7f3c05444000 r--s 00013000 08:04 131365                     /home/anjas/android-studio/gradle/gradle-2.14.1/lib/plugins/aether-api-1.13.1.jar
7f3c05444000-7f3c05446000 r--s 0000a000 08:04 131452                     /home/anjas/android-studio/gradle/gradle-2.14.1/lib/plugins/maven-settings-3.0.4.jar
7f3c05446000-7f3c05448000 r--s 0000d000 08:04 131459                     /home/anjas/android-studio/gradle/gradle-2.14.1/lib/plugins/plexus-interpolation-1.14.jar
7f3c05448000-7f3c0544a000 r--s 0000b000 08:04 131445                     /home/anjas/android-studio/gradle/gradle-2.14.1/lib/plugins/maven-artifact-3.0.4.jar
7f3c0544a000-7f3c05451000 r--s 0002e000 08:04 131458                     /home/anjas/android-studio/gradle/gradle-2.14.1/lib/plugins/plexus-container-default-1.5.5.jar
7f3c05451000-7f3c05453000 r--s 0000b000 08:04 131450                     /home/anjas/android-studio/gradle/gradle-2.14.1/lib/plugins/maven-plugin-api-3.0.4.jar
7f3c05453000-7f3c05455000 r--s 00000000 08:04 131457                     /home/anjas/android-studio/gradle/gradle-2.14.1/lib/plugins/plexus-component-annotations-1.5.5.jar
7f3c05455000-7f3c0545b000 r--s 0003f000 08:04 131446                     /home/anjas/android-studio/gradle/gradle-2.14.1/lib/plugins/maven-compat-3.0.4.jar
7f3c0545b000-7f3c0545e000 r--s 00008000 08:04 131453                     /home/anjas/android-studio/gradle/gradle-2.14.1/lib/plugins/maven-settings-builder-3.0.4.jar
7f3c0545e000-7f3c0545f000 r--s 00002000 08:04 131474                     /home/anjas/android-studio/gradle/gradle-2.14.1/lib/plugins/wagon-http-2.4.jar
7f3c0545f000-7f3c05461000 r--s 00026000 08:04 131448                     /home/anjas/android-studio/gradle/gradle-2.14.1/lib/plugins/maven-model-3.0.4.jar
7f3c05461000-7f3c05463000 r--s 00006000 08:04 131366                     /home/anjas/android-studio/gradle/gradle-2.14.1/lib/plugins/aether-connector-wagon-1.13.1.jar
7f3c05463000-7f3c05465000 r--s 0000a000 08:04 131456                     /home/anjas/android-studio/gradle/gradle-2.14.1/lib/plugins/plexus-classworlds-2.4.jar
7f3c05465000-7f3c05467000 r--s 00006000 08:04 131451                     /home/anjas/android-studio/gradle/gradle-2.14.1/lib/plugins/maven-repository-metadata-3.0.4.jar
7f3c05467000-7f3c05469000 r--s 0000c000 08:04 131444                     /home/anjas/android-studio/gradle/gradle-2.14.1/lib/plugins/maven-aether-provider-3.0.4.jar
7f3c05469000-7f3c0546b000 r--s 0000b000 08:04 131476                     /home/anjas/android-studio/gradle/gradle-2.14.1/lib/plugins/wagon-provider-api-2.4.jar
7f3c0546b000-7f3c0546c000 r--s 00003000 08:04 131368                     /home/anjas/android-studio/gradle/gradle-2.14.1/lib/plugins/aether-spi-1.13.1.jar
7f3c0546c000-7f3c05470000 r--s 0001c000 08:04 131369                     /home/anjas/android-studio/gradle/gradle-2.14.1/lib/plugins/aether-util-1.13.1.jar
7f3c05470000-7f3c05473000 r--s 0001d000 08:04 131367                     /home/anjas/android-studio/gradle/gradle-2.14.1/lib/plugins/aether-impl-1.13.1.jar
7f3c05473000-7f3c05474000 r--s 00006000 08:04 131460                     /home/anjas/android-studio/gradle/gradle-2.14.1/lib/plugins/plexus-sec-dispatcher-1.3.jar
7f3c05474000-7f3c05479000 r--s 00040000 08:04 131440                     /home/anjas/android-studio/gradle/gradle-2.14.1/lib/plugins/jsch-0.1.53.jar
7f3c05479000-7f3c054b9000 r--s 00277000 08:04 131374                     /home/anjas/android-studio/gradle/gradle-2.14.1/lib/plugins/bcprov-jdk15on-1.51.jar
7f3c054b9000-7f3c054bd000 r--s 0001d000 08:04 131477                     /home/anjas/android-studio/gradle/gradle-2.14.1/lib/plugins/xbean-reflect-3.4.jar
7f3c054bd000-7f3c054c9000 r--s 0007d000 08:04 131447                     /home/anjas/android-studio/gradle/gradle-2.14.1/lib/plugins/maven-core-3.0.4.jar
7f3c054c9000-7f3c054ce000 r--s 0002a000 08:04 131423                     /home/anjas/android-studio/gradle/gradle-2.14.1/lib/plugins/gson-2.2.4.jar
7f3c054ce000-7f3c054dd000 r--s 000d9000 08:04 131427                     /home/anjas/android-studio/gradle/gradle-2.14.1/lib/plugins/ivy-2.2.0.jar
7f3c054dd000-7f3c054f9000 r--s 000d3000 08:04 131386                     /home/anjas/android-studio/gradle/gradle-2.14.1/lib/plugins/gradle-dependency-management-2.14.1.jar
7f3c054f9000-7f3c054fd000 r-xp 00000000 08:04 6298352                    /home/anjas/.gradle/native/19/linux-amd64/libnative-platform.so
7f3c054fd000-7f3c056fc000 ---p 00004000 08:04 6298352                    /home/anjas/.gradle/native/19/linux-amd64/libnative-platform.so
7f3c056fc000-7f3c056fd000 rw-p 00003000 08:04 6298352                    /home/anjas/.gradle/native/19/linux-amd64/libnative-platform.so
7f3c056fd000-7f3c0570e000 r-xp 00000000 08:04 4078615                    /usr/lib/jvm/java-8-openjdk-amd64/jre/lib/amd64/libnio.so
7f3c0570e000-7f3c0590e000 ---p 00011000 08:04 4078615                    /usr/lib/jvm/java-8-openjdk-amd64/jre/lib/amd64/libnio.so
7f3c0590e000-7f3c0590f000 r--p 00011000 08:04 4078615                    /usr/lib/jvm/java-8-openjdk-amd64/jre/lib/amd64/libnio.so
7f3c0590f000-7f3c05910000 rw-p 00012000 08:04 4078615                    /usr/lib/jvm/java-8-openjdk-amd64/jre/lib/amd64/libnio.so
7f3c05910000-7f3c05c11000 rw-p 00000000 00:00 0 
7f3c05c11000-7f3c05c28000 r-xp 00000000 08:04 4078614                    /usr/lib/jvm/java-8-openjdk-amd64/jre/lib/amd64/libnet.so
7f3c05c28000-7f3c05e27000 ---p 00017000 08:04 4078614                    /usr/lib/jvm/java-8-openjdk-amd64/jre/lib/amd64/libnet.so
7f3c05e27000-7f3c05e28000 r--p 00016000 08:04 4078614                    /usr/lib/jvm/java-8-openjdk-amd64/jre/lib/amd64/libnet.so
7f3c05e28000-7f3c05e29000 rw-p 00017000 08:04 4078614                    /usr/lib/jvm/java-8-openjdk-amd64/jre/lib/amd64/libnet.so
7f3c05e29000-7f3c05e2b000 r--s 00005000 08:04 131341                     /home/anjas/android-studio/gradle/gradle-2.14.1/lib/gradle-wrapper-2.14.1.jar
7f3c05e2b000-7f3c05e39000 r--s 0004f000 08:04 131339                     /home/anjas/android-studio/gradle/gradle-2.14.1/lib/gradle-tooling-api-2.14.1.jar
7f3c05e39000-7f3c05e3b000 r--s 00002000 08:04 131336                     /home/anjas/android-studio/gradle/gradle-2.14.1/lib/gradle-open-api-2.14.1.jar
7f3c05e3b000-7f3c05e41000 r--s 00032000 08:04 131346                     /home/anjas/android-studio/gradle/gradle-2.14.1/lib/jaxen-1.1.jar
7f3c05e41000-7f3c05e46000 r--s 00048000 08:04 131322                     /home/anjas/android-studio/gradle/gradle-2.14.1/lib/dom4j-1.6.1.jar
7f3c05e46000-7f3c05e51000 r--s 00059000 08:04 131340                     /home/anjas/android-studio/gradle/gradle-2.14.1/lib/gradle-ui-2.14.1.jar
7f3c05e51000-7f3c05e54000 r--s 0000b000 08:04 131338                     /home/anjas/android-studio/gradle/gradle-2.14.1/lib/gradle-resources-2.14.1.jar
7f3c05e54000-7f3c05e56000 r--s 00003000 08:04 131348                     /home/anjas/android-studio/gradle/gradle-2.14.1/lib/jcl-over-slf4j-1.7.10.jar
7f3c05e56000-7f3c05e57000 r--s 00005000 08:04 131352                     /home/anjas/android-studio/gradle/gradle-2.14.1/lib/log4j-over-slf4j-1.7.10.jar
7f3c05e57000-7f3c05e59000 r--s 00000000 08:04 131350                     /home/anjas/android-studio/gradle/gradle-2.14.1/lib/jul-to-slf4j-1.7.10.jar
7f3c05e59000-7f3c05e5e000 r--s 0001c000 08:04 131331                     /home/anjas/android-studio/gradle/gradle-2.14.1/lib/gradle-logging-2.14.1.jar
7f3c05e5e000-7f3c05e60000 r--s 00007000 08:04 131363                     /home/anjas/android-studio/gradle/gradle-2.14.1/lib/objenesis-1.2.jar
7f3c05e60000-7f3c05e62000 r--s 00000000 08:04 131353                     /home/anjas/android-studio/gradle/gradle-2.14.1/lib/minlog-1.2.jar
7f3c05e62000-7f3c05e64000 r--s 0000f000 08:04 131480                     /home/anjas/android-studio/gradle/gradle-2.14.1/lib/reflectasm-1.07-shaded.jar
7f3c05e64000-7f3c05e68000 r--s 00026000 08:04 131351                     /home/anjas/android-studio/gradle/gradle-2.14.1/lib/kryo-2.20.jar
7f3c05e68000-7f3c05e6e000 r--s 00025000 08:04 131332                     /home/anjas/android-studio/gradle/gradle-2.14.1/lib/gradle-messaging-2.14.1.jar
7f3c05e6e000-7f3c05e6f000 r--s 00003000 08:04 131355                     /home/anjas/android-studio/gradle/gradle-2.14.1/lib/native-platform-freebsd-amd64-0.10.jar
7f3c05e6f000-7f3c05e70000 r--s 00003000 08:04 131356                     /home/anjas/android-studio/gradle/gradle-2.14.1/lib/native-platform-freebsd-i386-0.10.jar
7f3c05e70000-7f3c05e71000 r--s 00005000 08:04 131362                     /home/anjas/android-studio/gradle/gradle-2.14.1/lib/native-platform-windows-i386-0.10.jar
7f3c05e71000-7f3c05e72000 r--s 00005000 08:04 131361                     /home/anjas/android-studio/gradle/gradle-2.14.1/lib/native-platform-windows-amd64-0.10.jar
7f3c05e72000-7f3c05e73000 r--s 00003000 08:04 131358                     /home/anjas/android-studio/gradle/gradle-2.14.1/lib/native-platform-linux-i386-0.10.jar
7f3c05e73000-7f3c05e74000 r--s 00003000 08:04 131357                     /home/anjas/android-studio/gradle/gradle-2.14.1/lib/native-platform-linux-amd64-0.10.jar
7f3c05e74000-7f3c05e75000 r--s 00002000 08:04 131359                     /home/anjas/android-studio/gradle/gradle-2.14.1/lib/native-platform-osx-amd64-0.10.jar
7f3c05e75000-7f3c05e76000 r--s 00002000 08:04 131360                     /home/anjas/android-studio/gradle/gradle-2.14.1/lib/native-platform-osx-i386-0.10.jar
7f3c05e76000-7f3c05e78000 r--s 00008000 08:04 131344                     /home/anjas/android-studio/gradle/gradle-2.14.1/lib/jansi-1.2.1.jar
7f3c05e78000-7f3c05e7b000 r--s 0000d000 08:04 131354                     /home/anjas/android-studio/gradle/gradle-2.14.1/lib/native-platform-0.10.jar
7f3c05e7b000-7f3c05e7f000 r--s 000e4000 08:04 131349                     /home/anjas/android-studio/gradle/gradle-2.14.1/lib/jna-3.2.7.jar
7f3c05e7f000-7f3c05e81000 r--s 00009000 08:04 131335                     /home/anjas/android-studio/gradle/gradle-2.14.1/lib/gradle-native-2.14.1.jar
7f3c05e81000-7f3c05e83000 r--s 00005000 08:04 131325                     /home/anjas/android-studio/gradle/gradle-2.14.1/lib/gradle-cli-2.14.1.jar
7f3c05e83000-7f3c05e92000 r--s 00080000 08:04 131333                     /home/anjas/android-studio/gradle/gradle-2.14.1/lib/gradle-model-core-2.14.1.jar
7f3c05e92000-7f3c05e96000 r--s 00027000 08:04 131320                     /home/anjas/android-studio/gradle/gradle-2.14.1/lib/commons-io-2.2.jar
7f3c05e96000-7f3c05ea3000 r--s 00083000 08:04 131319                     /home/anjas/android-studio/gradle/gradle-2.14.1/lib/commons-collections-3.2.2.jar
7f3c05ea3000-7f3c05f12000 r--s 0063e000 08:04 131342                     /home/anjas/android-studio/gradle/gradle-2.14.1/lib/groovy-all-2.4.4.jar
7f3c05f12000-7f3c05f3a000 r--s 001cf000 08:04 131343                     /home/anjas/android-studio/gradle/gradle-2.14.1/lib/guava-jdk5-17.0.jar
7f3c05f3a000-7f3c05f59000 r--s 001d1000 08:04 131316                     /home/anjas/android-studio/gradle/gradle-2.14.1/lib/ant-1.9.6.jar
7f3c05f59000-7f3c05f90000 r--s 001bd000 08:04 131326                     /home/anjas/android-studio/gradle/gradle-2.14.1/lib/gradle-core-2.14.1.jar
7f3c05f90000-7f3c05fab000 r--s 001d5000 08:04 4078638                    /usr/lib/jvm/java-8-openjdk-amd64/jre/lib/ext/nashorn.jar
7f3c05fab000-7f3c05fc6000 r--s 00394000 08:04 4078633                    /usr/lib/jvm/java-8-openjdk-amd64/jre/lib/ext/cldrdata.jar
7f3c05fc6000-7f3c05fc7000 ---p 00000000 00:00 0 
7f3c05fc7000-7f3c060c7000 rw-p 00000000 00:00 0 
7f3c060c7000-7f3c060ca000 ---p 00000000 00:00 0 
7f3c060ca000-7f3c061c8000 rw-p 00000000 00:00 0 
7f3c061c8000-7f3c061cb000 ---p 00000000 00:00 0 
7f3c061cb000-7f3c062c9000 rw-p 00000000 00:00 0 
7f3c062c9000-7f3c062cc000 ---p 00000000 00:00 0 
7f3c062cc000-7f3c063ca000 rw-p 00000000 00:00 0 
7f3c063ca000-7f3c063cd000 ---p 00000000 00:00 0 
7f3c063cd000-7f3c064cb000 rw-p 00000000 00:00 0 
7f3c064cb000-7f3c064ce000 ---p 00000000 00:00 0 
7f3c064ce000-7f3c065cc000 rw-p 00000000 00:00 0 
7f3c065cc000-7f3c06f8d000 r--p 00000000 08:04 4070843                    /usr/lib/locale/locale-archive
7f3c06f8d000-7f3c06f90000 ---p 00000000 00:00 0 
7f3c06f90000-7f3c0708e000 rw-p 00000000 00:00 0 
7f3c0708e000-7f3c07091000 ---p 00000000 00:00 0 
7f3c07091000-7f3c0718f000 rw-p 00000000 00:00 0 
7f3c0718f000-7f3c07190000 ---p 00000000 00:00 0 
7f3c07190000-7f3c08000000 rw-p 00000000 00:00 0 
7f3c08000000-7f3c08077000 rw-p 00000000 00:00 0 
7f3c08077000-7f3c0c000000 ---p 00000000 00:00 0 
7f3c0c000000-7f3c0c04d000 rw-p 00000000 00:00 0 
7f3c0c04d000-7f3c10000000 ---p 00000000 00:00 0 
7f3c10000000-7f3c10148000 rw-p 00000000 00:00 0 
7f3c10148000-7f3c14000000 ---p 00000000 00:00 0 
7f3c14000000-7f3c142a3000 rw-p 00000000 00:00 0 
7f3c142a3000-7f3c18000000 ---p 00000000 00:00 0 
7f3c18000000-7f3c18002000 r--s 00007000 08:04 131334                     /home/anjas/android-studio/gradle/gradle-2.14.1/lib/gradle-model-groovy-2.14.1.jar
7f3c18002000-7f3c18003000 r--s 00006000 08:04 131324                     /home/anjas/android-studio/gradle/gradle-2.14.1/lib/gradle-base-services-groovy-2.14.1.jar
7f3c18003000-7f3c18252000 rw-p 00000000 00:00 0 
7f3c18252000-7f3c18420000 r--s 03bf1000 08:04 4078659                    /usr/lib/jvm/java-8-openjdk-amd64/jre/lib/rt.jar
7f3c18420000-7f3c1bf20000 rw-p 00000000 00:00 0 
7f3c1bf20000-7f3c1bf21000 ---p 00000000 00:00 0 
7f3c1bf21000-7f3c1c021000 rw-p 00000000 00:00 0 
7f3c1c021000-7f3c1c022000 ---p 00000000 00:00 0 
7f3c1c022000-7f3c1c122000 rw-p 00000000 00:00 0 
7f3c1c122000-7f3c1c123000 ---p 00000000 00:00 0 
7f3c1c123000-7f3c1c223000 rw-p 00000000 00:00 0 
7f3c1c223000-7f3c1c224000 ---p 00000000 00:00 0 
7f3c1c224000-7f3c1c401000 rw-p 00000000 00:00 0 
7f3c1c401000-7f3c1c524000 ---p 00000000 00:00 0 
7f3c1c524000-7f3c1c601000 rw-p 00000000 00:00 0 
7f3c1c601000-7f3c1c724000 ---p 00000000 00:00 0 
7f3c1c724000-7f3c1c824000 rw-p 00000000 00:00 0 
7f3c1c824000-7f3c1c8ed000 rw-p 00000000 00:00 0 
7f3c1c8ed000-7f3c1cbe5000 ---p 00000000 00:00 0 
7f3c1cbe5000-7f3c1fdd5000 rwxp 00000000 00:00 0 
7f3c1fdd5000-7f3c2bbe5000 ---p 00000000 00:00 0 
7f3c2bbe5000-7f3c2bbed000 r-xp 00000000 08:04 4078622                    /usr/lib/jvm/java-8-openjdk-amd64/jre/lib/amd64/libzip.so
7f3c2bbed000-7f3c2bdec000 ---p 00008000 08:04 4078622                    /usr/lib/jvm/java-8-openjdk-amd64/jre/lib/amd64/libzip.so
7f3c2bdec000-7f3c2bded000 r--p 00007000 08:04 4078622                    /usr/lib/jvm/java-8-openjdk-amd64/jre/lib/amd64/libzip.so
7f3c2bded000-7f3c2bdee000 rw-p 00008000 08:04 4078622                    /usr/lib/jvm/java-8-openjdk-amd64/jre/lib/amd64/libzip.so
7f3c2bdee000-7f3c2bdf9000 r-xp 00000000 08:04 3019492                    /lib/x86_64-linux-gnu/libnss_files-2.24.so
7f3c2bdf9000-7f3c2bff8000 ---p 0000b000 08:04 3019492                    /lib/x86_64-linux-gnu/libnss_files-2.24.so
7f3c2bff8000-7f3c2bff9000 r--p 0000a000 08:04 3019492                    /lib/x86_64-linux-gnu/libnss_files-2.24.so
7f3c2bff9000-7f3c2bffa000 rw-p 0000b000 08:04 3019492                    /lib/x86_64-linux-gnu/libnss_files-2.24.so
7f3c2bffa000-7f3c2c000000 rw-p 00000000 00:00 0 
7f3c2c000000-7f3c2ce2c000 rw-p 00000000 00:00 0 
7f3c2ce2c000-7f3c30000000 ---p 00000000 00:00 0 
7f3c30000000-7f3c30001000 r--s 00002000 08:04 131327                     /home/anjas/android-studio/gradle/gradle-2.14.1/lib/gradle-docs-2.14.1.jar
7f3c30001000-7f3c30002000 r--s 00000000 08:04 131345                     /home/anjas/android-studio/gradle/gradle-2.14.1/lib/javax.inject-1.jar
7f3c30002000-7f3c30003000 r--s 00000000 08:04 131347                     /home/anjas/android-studio/gradle/gradle-2.14.1/lib/jcip-annotations-1.0.jar
7f3c30003000-7f3c30008000 r--s 00038000 08:04 131318                     /home/anjas/android-studio/gradle/gradle-2.14.1/lib/asm-all-5.1.jar
7f3c30008000-7f3c3000d000 r--s 00041000 08:04 131321                     /home/anjas/android-studio/gradle/gradle-2.14.1/lib/commons-lang-2.6.jar
7f3c3000d000-7f3c30015000 r--s 0003a000 08:04 131323                     /home/anjas/android-studio/gradle/gradle-2.14.1/lib/gradle-base-services-2.14.1.jar
7f3c30015000-7f3c300ac000 rw-p 00000000 00:00 0 
7f3c300ac000-7f3c300b7000 r-xp 00000000 08:04 3019502                    /lib/x86_64-linux-gnu/libnss_nis-2.24.so
7f3c300b7000-7f3c302b6000 ---p 0000b000 08:04 3019502                    /lib/x86_64-linux-gnu/libnss_nis-2.24.so
7f3c302b6000-7f3c302b7000 r--p 0000a000 08:04 3019502                    /lib/x86_64-linux-gnu/libnss_nis-2.24.so
7f3c302b7000-7f3c302b8000 rw-p 0000b000 08:04 3019502                    /lib/x86_64-linux-gnu/libnss_nis-2.24.so
7f3c302b8000-7f3c302ce000 r-xp 00000000 08:04 3019486                    /lib/x86_64-linux-gnu/libnsl-2.24.so
7f3c302ce000-7f3c304cd000 ---p 00016000 08:04 3019486                    /lib/x86_64-linux-gnu/libnsl-2.24.so
7f3c304cd000-7f3c304ce000 r--p 00015000 08:04 3019486                    /lib/x86_64-linux-gnu/libnsl-2.24.so
7f3c304ce000-7f3c304cf000 rw-p 00016000 08:04 3019486                    /lib/x86_64-linux-gnu/libnsl-2.24.so
7f3c304cf000-7f3c304d1000 rw-p 00000000 00:00 0 
7f3c304d1000-7f3c304d9000 r-xp 00000000 08:04 3019488                    /lib/x86_64-linux-gnu/libnss_compat-2.24.so
7f3c304d9000-7f3c306d8000 ---p 00008000 08:04 3019488                    /lib/x86_64-linux-gnu/libnss_compat-2.24.so
7f3c306d8000-7f3c306d9000 r--p 00007000 08:04 3019488                    /lib/x86_64-linux-gnu/libnss_compat-2.24.so
7f3c306d9000-7f3c306da000 rw-p 00008000 08:04 3019488                    /lib/x86_64-linux-gnu/libnss_compat-2.24.so
7f3c306da000-7f3c30707000 r-xp 00000000 08:04 4078599                    /usr/lib/jvm/java-8-openjdk-amd64/jre/lib/amd64/libjava.so
7f3c30707000-7f3c30906000 ---p 0002d000 08:04 4078599                    /usr/lib/jvm/java-8-openjdk-amd64/jre/lib/amd64/libjava.so
7f3c30906000-7f3c30907000 r--p 0002c000 08:04 4078599                    /usr/lib/jvm/java-8-openjdk-amd64/jre/lib/amd64/libjava.so
7f3c30907000-7f3c30909000 rw-p 0002d000 08:04 4078599                    /usr/lib/jvm/java-8-openjdk-amd64/jre/lib/amd64/libjava.so
7f3c30909000-7f3c30918000 r-xp 00000000 08:04 4078621                    /usr/lib/jvm/java-8-openjdk-amd64/jre/lib/amd64/libverify.so
7f3c30918000-7f3c30b17000 ---p 0000f000 08:04 4078621                    /usr/lib/jvm/java-8-openjdk-amd64/jre/lib/amd64/libverify.so
7f3c30b17000-7f3c30b19000 r--p 0000e000 08:04 4078621                    /usr/lib/jvm/java-8-openjdk-amd64/jre/lib/amd64/libverify.so
7f3c30b19000-7f3c30b1a000 rw-p 00010000 08:04 4078621                    /usr/lib/jvm/java-8-openjdk-amd64/jre/lib/amd64/libverify.so
7f3c30b1a000-7f3c30b21000 r-xp 00000000 08:04 3019546                    /lib/x86_64-linux-gnu/librt-2.24.so
7f3c30b21000-7f3c30d20000 ---p 00007000 08:04 3019546                    /lib/x86_64-linux-gnu/librt-2.24.so
7f3c30d20000-7f3c30d21000 r--p 00006000 08:04 3019546                    /lib/x86_64-linux-gnu/librt-2.24.so
7f3c30d21000-7f3c30d22000 rw-p 00007000 08:04 3019546                    /lib/x86_64-linux-gnu/librt-2.24.so
7f3c30d22000-7f3c30d38000 r-xp 00000000 08:04 3019435                    /lib/x86_64-linux-gnu/libgcc_s.so.1
7f3c30d38000-7f3c30f37000 ---p 00016000 08:04 3019435                    /lib/x86_64-linux-gnu/libgcc_s.so.1
7f3c30f37000-7f3c30f38000 r--p 00015000 08:04 3019435                    /lib/x86_64-linux-gnu/libgcc_s.so.1
7f3c30f38000-7f3c30f39000 rw-p 00016000 08:04 3019435                    /lib/x86_64-linux-gnu/libgcc_s.so.1
7f3c30f39000-7f3c31041000 r-xp 00000000 08:04 3019463                    /lib/x86_64-linux-gnu/libm-2.24.so
7f3c31041000-7f3c31240000 ---p 00108000 08:04 3019463                    /lib/x86_64-linux-gnu/libm-2.24.so
7f3c31240000-7f3c31241000 r--p 00107000 08:04 3019463                    /lib/x86_64-linux-gnu/libm-2.24.so
7f3c31241000-7f3c31242000 rw-p 00108000 08:04 3019463                    /lib/x86_64-linux-gnu/libm-2.24.so
7f3c31242000-7f3c313ba000 r-xp 00000000 08:04 4073314                    /usr/lib/x86_64-linux-gnu/libstdc++.so.6.0.22
7f3c313ba000-7f3c315ba000 ---p 00178000 08:04 4073314                    /usr/lib/x86_64-linux-gnu/libstdc++.so.6.0.22
7f3c315ba000-7f3c315c4000 r--p 00178000 08:04 4073314                    /usr/lib/x86_64-linux-gnu/libstdc++.so.6.0.22
7f3c315c4000-7f3c315c6000 rw-p 00182000 08:04 4073314                    /usr/lib/x86_64-linux-gnu/libstdc++.so.6.0.22
7f3c315c6000-7f3c315ca000 rw-p 00000000 00:00 0 
7f3c315ca000-7f3c3221e000 r-xp 00000000 08:04 4078624                    /usr/lib/jvm/java-8-openjdk-amd64/jre/lib/amd64/server/libjvm.so
7f3c3221e000-7f3c3241d000 ---p 00c54000 08:04 4078624                    /usr/lib/jvm/java-8-openjdk-amd64/jre/lib/amd64/server/libjvm.so
7f3c3241d000-7f3c324b0000 r--p 00c53000 08:04 4078624                    /usr/lib/jvm/java-8-openjdk-amd64/jre/lib/amd64/server/libjvm.so
7f3c324b0000-7f3c324d9000 rw-p 00ce6000 08:04 4078624                    /usr/lib/jvm/java-8-openjdk-amd64/jre/lib/amd64/server/libjvm.so
7f3c324d9000-7f3c32509000 rw-p 00000000 00:00 0 
7f3c32509000-7f3c32521000 r-xp 00000000 08:04 3019538                    /lib/x86_64-linux-gnu/libpthread-2.24.so
7f3c32521000-7f3c32721000 ---p 00018000 08:04 3019538                    /lib/x86_64-linux-gnu/libpthread-2.24.so
7f3c32721000-7f3c32722000 r--p 00018000 08:04 3019538                    /lib/x86_64-linux-gnu/libpthread-2.24.so
7f3c32722000-7f3c32723000 rw-p 00019000 08:04 3019538                    /lib/x86_64-linux-gnu/libpthread-2.24.so
7f3c32723000-7f3c32727000 rw-p 00000000 00:00 0 
7f3c32727000-7f3c3272a000 r-xp 00000000 08:04 3019421                    /lib/x86_64-linux-gnu/libdl-2.24.so
7f3c3272a000-7f3c32929000 ---p 00003000 08:04 3019421                    /lib/x86_64-linux-gnu/libdl-2.24.so
7f3c32929000-7f3c3292a000 r--p 00002000 08:04 3019421                    /lib/x86_64-linux-gnu/libdl-2.24.so
7f3c3292a000-7f3c3292b000 rw-p 00003000 08:04 3019421                    /lib/x86_64-linux-gnu/libdl-2.24.so
7f3c3292b000-7f3c32944000 r-xp 00000000 08:04 3019579                    /lib/x86_64-linux-gnu/libz.so.1.2.8
7f3c32944000-7f3c32b43000 ---p 00019000 08:04 3019579                    /lib/x86_64-linux-gnu/libz.so.1.2.8
7f3c32b43000-7f3c32b44000 r--p 00018000 08:04 3019579                    /lib/x86_64-linux-gnu/libz.so.1.2.8
7f3c32b44000-7f3c32b45000 rw-p 00019000 08:04 3019579                    /lib/x86_64-linux-gnu/libz.so.1.2.8
7f3c32b45000-7f3c32d02000 r-xp 00000000 08:04 3019395                    /lib/x86_64-linux-gnu/libc-2.24.so
7f3c32d02000-7f3c32f02000 ---p 001bd000 08:04 3019395                    /lib/x86_64-linux-gnu/libc-2.24.so
7f3c32f02000-7f3c32f06000 r--p 001bd000 08:04 3019395                    /lib/x86_64-linux-gnu/libc-2.24.so
7f3c32f06000-7f3c32f08000 rw-p 001c1000 08:04 3019395                    /lib/x86_64-linux-gnu/libc-2.24.so
7f3c32f08000-7f3c32f0c000 rw-p 00000000 00:00 0 
7f3c32f0c000-7f3c32f19000 r-xp 00000000 08:04 4078584                    /usr/lib/jvm/java-8-openjdk-amd64/jre/lib/amd64/jli/libjli.so
7f3c32f19000-7f3c33119000 ---p 0000d000 08:04 4078584                    /usr/lib/jvm/java-8-openjdk-amd64/jre/lib/amd64/jli/libjli.so
7f3c33119000-7f3c3311a000 r--p 0000d000 08:04 4078584                    /usr/lib/jvm/java-8-openjdk-amd64/jre/lib/amd64/jli/libjli.so
7f3c3311a000-7f3c3311b000 rw-p 0000e000 08:04 4078584                    /usr/lib/jvm/java-8-openjdk-amd64/jre/lib/amd64/jli/libjli.so
7f3c3311b000-7f3c33140000 r-xp 00000000 08:04 3019367                    /lib/x86_64-linux-gnu/ld-2.24.so
7f3c33140000-7f3c33141000 r--s 00001000 08:04 131337                     /home/anjas/android-studio/gradle/gradle-2.14.1/lib/gradle-process-services-2.14.1.jar
7f3c33141000-7f3c33142000 r--s 00000000 08:04 131329                     /home/anjas/android-studio/gradle/gradle-2.14.1/lib/gradle-jvm-services-2.14.1.jar
7f3c33142000-7f3c33143000 r--s 00007000 08:04 131481                     /home/anjas/android-studio/gradle/gradle-2.14.1/lib/slf4j-api-1.7.10.jar
7f3c33143000-7f3c33144000 r--s 00004000 08:04 131317                     /home/anjas/android-studio/gradle/gradle-2.14.1/lib/ant-launcher-1.9.6.jar
7f3c33144000-7f3c3314f000 r--s 00051000 08:04 131330                     /home/anjas/android-studio/gradle/gradle-2.14.1/lib/gradle-launcher-2.14.1.jar
7f3c3314f000-7f3c33150000 r--s 0000a000 08:04 4078636                    /usr/lib/jvm/java-8-openjdk-amd64/jre/lib/ext/jaccess.jar
7f3c33150000-7f3c33212000 rw-p 00000000 00:00 0 
7f3c33212000-7f3c33215000 ---p 00000000 00:00 0 
7f3c33215000-7f3c33317000 rw-p 00000000 00:00 0 
7f3c33317000-7f3c33319000 r--s 00001000 08:04 4078634                    /usr/lib/jvm/java-8-openjdk-amd64/jre/lib/ext/dnsns.jar
7f3c33319000-7f3c3331b000 r--s 00008000 08:04 4078639                    /usr/lib/jvm/java-8-openjdk-amd64/jre/lib/ext/sunec.jar
7f3c3331b000-7f3c33325000 r--s 00116000 08:04 4078637                    /usr/lib/jvm/java-8-openjdk-amd64/jre/lib/ext/localedata.jar
7f3c33325000-7f3c33329000 r--s 00037000 08:04 4078641                    /usr/lib/jvm/java-8-openjdk-amd64/jre/lib/ext/sunpkcs11.jar
7f3c33329000-7f3c3332a000 r--s 00010000 08:04 4078642                    /usr/lib/jvm/java-8-openjdk-amd64/jre/lib/ext/zipfs.jar
7f3c3332a000-7f3c3332d000 r--s 0000f000 08:04 4078635                    /usr/lib/jvm/java-8-openjdk-amd64/jre/lib/ext/icedtea-sound.jar
7f3c3332d000-7f3c33332000 r--s 0003b000 08:04 4078640                    /usr/lib/jvm/java-8-openjdk-amd64/jre/lib/ext/sunjce_provider.jar
7f3c33332000-7f3c3333a000 rw-s 00000000 08:04 3016299                    /tmp/hsperfdata_anjas/13647
7f3c3333a000-7f3c3333b000 rw-p 00000000 00:00 0 
7f3c3333b000-7f3c3333c000 ---p 00000000 00:00 0 
7f3c3333c000-7f3c3333f000 rw-p 00000000 00:00 0 
7f3c3333f000-7f3c33340000 r--p 00024000 08:04 3019367                    /lib/x86_64-linux-gnu/ld-2.24.so
7f3c33340000-7f3c33341000 rw-p 00025000 08:04 3019367                    /lib/x86_64-linux-gnu/ld-2.24.so
7f3c33341000-7f3c33342000 rw-p 00000000 00:00 0 
7fffc1d2d000-7fffc1d4e000 rw-p 00000000 00:00 0                          [stack]
7fffc1dcd000-7fffc1dcf000 r--p 00000000 00:00 0                          [vvar]
7fffc1dcf000-7fffc1dd1000 r-xp 00000000 00:00 0                          [vdso]
ffffffffff600000-ffffffffff601000 r-xp 00000000 00:00 0                  [vsyscall]

VM Arguments:
jvm_args: -Xmx1536m -Dfile.encoding=UTF-8 -Duser.country=US -Duser.language=en -Duser.variant 
java_command: org.gradle.launcher.daemon.bootstrap.GradleDaemon 2.14.1
java_class_path (initial): /home/anjas/android-studio/gradle/gradle-2.14.1/lib/gradle-launcher-2.14.1.jar
Launcher Type: SUN_STANDARD

Environment Variables:
PATH=/home/anjas/bin:/home/anjas/.local/bin:/usr/local/sbin:/usr/local/bin:/usr/sbin:/usr/bin:/sbin:/bin:/usr/games:/usr/local/games:/snap/bin
LD_LIBRARY_PATH=/home/anjas/android-studio/bin:
SHELL=/usr/bin/zsh
DISPLAY=:0.0

Signal Handlers:
SIGSEGV: [libjvm.so+0xa6b0b0], sa_mask[0]=11111111011111111101111111111110, sa_flags=SA_RESTART|SA_SIGINFO
SIGBUS: [libjvm.so+0xa6b0b0], sa_mask[0]=11111111011111111101111111111110, sa_flags=SA_RESTART|SA_SIGINFO
SIGFPE: [libjvm.so+0x8b5420], sa_mask[0]=11111111011111111101111111111110, sa_flags=SA_RESTART|SA_SIGINFO
SIGPIPE: [libjvm.so+0x8b5420], sa_mask[0]=11111111011111111101111111111110, sa_flags=SA_RESTART|SA_SIGINFO
SIGXFSZ: [libjvm.so+0x8b5420], sa_mask[0]=11111111011111111101111111111110, sa_flags=SA_RESTART|SA_SIGINFO
SIGILL: [libjvm.so+0x8b5420], sa_mask[0]=11111111011111111101111111111110, sa_flags=SA_RESTART|SA_SIGINFO
SIGUSR1: SIG_DFL, sa_mask[0]=00000000000000000000000000000000, sa_flags=none
SIGUSR2: [libjvm.so+0x8b52d0], sa_mask[0]=00100000000000000000000000000000, sa_flags=SA_RESTART|SA_SIGINFO
SIGHUP: [libjvm.so+0x8b5780], sa_mask[0]=11111111011111111101111111111110, sa_flags=SA_RESTART|SA_SIGINFO
SIGINT: [libjvm.so+0x8b5780], sa_mask[0]=11111111011111111101111111111110, sa_flags=SA_RESTART|SA_SIGINFO
SIGTERM: [libjvm.so+0x8b5780], sa_mask[0]=11111111011111111101111111111110, sa_flags=SA_RESTART|SA_SIGINFO
SIGQUIT: [libjvm.so+0x8b5780], sa_mask[0]=11111111011111111101111111111110, sa_flags=SA_RESTART|SA_SIGINFO


---------------  S Y S T E M  ---------------

OS:DISTRIB_ID=Ubuntu
DISTRIB_RELEASE=16.10
DISTRIB_CODENAME=yakkety
DISTRIB_DESCRIPTION="Ubuntu 16.10"

uname:Linux 4.8.0-27-generic #29-Ubuntu SMP Thu Oct 20 21:03:13 UTC 2016 x86_64
libc:glibc 2.24 NPTL 2.24 
rlimit: STACK 8192k, CORE 0k, NPROC 14809, NOFILE 65536, AS infinity
load average:11,32 4,17 2,57

/proc/meminfo:
MemTotal:        3835800 kB
MemFree:          108024 kB
MemAvailable:      56684 kB
Buffers:            4696 kB
Cached:           227552 kB
SwapCached:            0 kB
Active:          3342040 kB
Inactive:         189212 kB
Active(anon):    3300572 kB
Inactive(anon):   148524 kB
Active(file):      41468 kB
Inactive(file):    40688 kB
Unevictable:          48 kB
Mlocked:              48 kB
SwapTotal:             0 kB
SwapFree:              0 kB
Dirty:               280 kB
Writeback:             0 kB
AnonPages:       3299296 kB
Mapped:           106664 kB
Shmem:            149848 kB
Slab:             103956 kB
SReclaimable:      50888 kB
SUnreclaim:        53068 kB
KernelStack:        9936 kB
PageTables:        39444 kB
NFS_Unstable:          0 kB
Bounce:                0 kB
WritebackTmp:          0 kB
CommitLimit:     1917900 kB
Committed_AS:    6453900 kB
VmallocTotal:   34359738367 kB
VmallocUsed:           0 kB
VmallocChunk:          0 kB
HardwareCorrupted:     0 kB
AnonHugePages:   1021952 kB
ShmemHugePages:        0 kB
ShmemPmdMapped:        0 kB
CmaTotal:              0 kB
CmaFree:               0 kB
HugePages_Total:       0
HugePages_Free:        0
HugePages_Rsvd:        0
HugePages_Surp:        0
Hugepagesize:       2048 kB
DirectMap4k:      198648 kB
DirectMap2M:     3784704 kB


CPU:total 4 (2 cores per cpu, 2 threads per core) family 6 model 42 stepping 7, cmov, cx8, fxsr, mmx, sse, sse2, sse3, ssse3, sse4.1, sse4.2, popcnt, avx, clmul, ht, tsc, tscinvbit

/proc/cpuinfo:
processor	: 0
vendor_id	: GenuineIntel
cpu family	: 6
model		: 42
model name	: Intel(R) Core(TM) i3-2367M CPU @ 1.40GHz
stepping	: 7
microcode	: 0x29
cpu MHz		: 1072.387
cache size	: 3072 KB
physical id	: 0
siblings	: 4
core id		: 0
cpu cores	: 2
apicid		: 0
initial apicid	: 0
fpu		: yes
fpu_exception	: yes
cpuid level	: 13
wp		: yes
flags		: fpu vme de pse tsc msr pae mce cx8 apic sep mtrr pge mca cmov pat pse36 clflush dts acpi mmx fxsr sse sse2 ss ht tm pbe syscall nx rdtscp lm constant_tsc arch_perfmon pebs bts rep_good nopl xtopology nonstop_tsc aperfmperf eagerfpu pni pclmulqdq dtes64 monitor ds_cpl vmx est tm2 ssse3 cx16 xtpr pdcm pcid sse4_1 sse4_2 x2apic popcnt tsc_deadline_timer xsave avx lahf_lm epb tpr_shadow vnmi flexpriority ept vpid xsaveopt dtherm arat pln pts
bugs		:
bogomips	: 2793.66
clflush size	: 64
cache_alignment	: 64
address sizes	: 36 bits physical, 48 bits virtual
power management:

processor	: 1
vendor_id	: GenuineIntel
cpu family	: 6
model		: 42
model name	: Intel(R) Core(TM) i3-2367M CPU @ 1.40GHz
stepping	: 7
microcode	: 0x29
cpu MHz		: 1215.686
cache size	: 3072 KB
physical id	: 0
siblings	: 4
core id		: 0
cpu cores	: 2
apicid		: 1
initial apicid	: 1
fpu		: yes
fpu_exception	: yes
cpuid level	: 13
wp		: yes
flags		: fpu vme de pse tsc msr pae mce cx8 apic sep mtrr pge mca cmov pat pse36 clflush dts acpi mmx fxsr sse sse2 ss ht tm pbe syscall nx rdtscp lm constant_tsc arch_perfmon pebs bts rep_good nopl xtopology nonstop_tsc aperfmperf eagerfpu pni pclmulqdq dtes64 monitor ds_cpl vmx est tm2 ssse3 cx16 xtpr pdcm pcid sse4_1 sse4_2 x2apic popcnt tsc_deadline_timer xsave avx lahf_lm epb tpr_shadow vnmi flexpriority ept vpid xsaveopt dtherm arat pln pts
bugs		:
bogomips	: 2793.66
clflush size	: 64
cache_alignment	: 64
address sizes	: 36 bits physical, 48 bits virtual
power management:

processor	: 2
vendor_id	: GenuineIntel
cpu family	: 6
model		: 42
model name	: Intel(R) Core(TM) i3-2367M CPU @ 1.40GHz
stepping	: 7
microcode	: 0x29
cpu MHz		: 1209.020
cache size	: 3072 KB
physical id	: 0
siblings	: 4
core id		: 1
cpu cores	: 2
apicid		: 2
initial apicid	: 2
fpu		: yes
fpu_exception	: yes
cpuid level	: 13
wp		: yes
flags		: fpu vme de pse tsc msr pae mce cx8 apic sep mtrr pge mca cmov pat pse36 clflush dts acpi mmx fxsr sse sse2 ss ht tm pbe syscall nx rdtscp lm constant_tsc arch_perfmon pebs bts rep_good nopl xtopology nonstop_tsc aperfmperf eagerfpu pni pclmulqdq dtes64 monitor ds_cpl vmx est tm2 ssse3 cx16 xtpr pdcm pcid sse4_1 sse4_2 x2apic popcnt tsc_deadline_timer xsave avx lahf_lm epb tpr_shadow vnmi flexpriority ept vpid xsaveopt dtherm arat pln pts
bugs		:
bogomips	: 2793.66
clflush size	: 64
cache_alignment	: 64
address sizes	: 36 bits physical, 48 bits virtual
power management:

processor	: 3
vendor_id	: GenuineIntel
cpu family	: 6
model		: 42
model name	: Intel(R) Core(TM) i3-2367M CPU @ 1.40GHz
stepping	: 7
microcode	: 0x29
cpu MHz		: 1345.739
cache size	: 3072 KB
physical id	: 0
siblings	: 4
core id		: 1
cpu cores	: 2
apicid		: 3
initial apicid	: 3
fpu		: yes
fpu_exception	: yes
cpuid level	: 13
wp		: yes
flags		: fpu vme de pse tsc msr pae mce cx8 apic sep mtrr pge mca cmov pat pse36 clflush dts acpi mmx fxsr sse sse2 ss ht tm pbe syscall nx rdtscp lm constant_tsc arch_perfmon pebs bts rep_good nopl xtopology nonstop_tsc aperfmperf eagerfpu pni pclmulqdq dtes64 monitor ds_cpl vmx est tm2 ssse3 cx16 xtpr pdcm pcid sse4_1 sse4_2 x2apic popcnt tsc_deadline_timer xsave avx lahf_lm epb tpr_shadow vnmi flexpriority ept vpid xsaveopt dtherm arat pln pts
bugs		:
bogomips	: 2793.66
clflush size	: 64
cache_alignment	: 64
address sizes	: 36 bits physical, 48 bits virtual
power management:



Memory: 4k page, physical 3835800k(108024k free), swap 0k(0k free)

vm_info: OpenJDK 64-Bit Server VM (25.111-b14) for linux-amd64 JRE (1.8.0_111-8u111-b14-2ubuntu0.16.10.2-b14), built on Oct 27 2016 14:16:18 by "buildd" with gcc 6.2.0 20161005

time: Thu Dec  1 09:32:07 2016
elapsed time: 1025 seconds (0d 0h 17m 5s)

